19:23:23.887 [main] INFO  cn.edu.sjtu.se.dclab.oss.OnlineStatusServer - Initializing online status server...
19:23:23.907 [main] INFO  cn.edu.sjtu.se.dclab.oss.OnlineStatusServer - Initializing redis client...
19:23:23.924 [main] DEBUG cn.edu.sjtu.se.dclab.oss.util.Constants - null
19:23:23.925 [main] DEBUG cn.edu.sjtu.se.dclab.oss.util.Constants - application.properties not found.
null/application.properties (No such file or directory)
19:55:56.022 [main] INFO  cn.edu.sjtu.se.dclab.oss.OnlineStatusServer - Initializing online status server...
19:55:56.030 [main] INFO  cn.edu.sjtu.se.dclab.oss.OnlineStatusServer - Initializing redis client...
19:55:56.034 [main] DEBUG cn.edu.sjtu.se.dclab.oss.util.Constants - null
19:55:56.035 [main] DEBUG cn.edu.sjtu.se.dclab.oss.util.Constants - application.properties not found.
null/application.properties (No such file or directory)
19:55:56.304 [main] DEBUG io.netty.util.internal.logging.InternalLoggerFactory - Using SLF4J as the default logging framework
19:55:56.310 [main] DEBUG io.netty.util.ResourceLeakDetector - -Dio.netty.leakDetectionLevel: simple
19:55:56.323 [main] DEBUG io.netty.util.internal.PlatformDependent0 - java.nio.Buffer.address: available
19:55:56.324 [main] DEBUG io.netty.util.internal.PlatformDependent0 - sun.misc.Unsafe.theUnsafe: available
19:55:56.325 [main] DEBUG io.netty.util.internal.PlatformDependent0 - sun.misc.Unsafe.copyMemory: available
19:55:56.326 [main] DEBUG io.netty.util.internal.PlatformDependent0 - java.nio.Bits.unaligned: true
19:55:56.327 [main] DEBUG io.netty.util.internal.PlatformDependent - Java version: 8
19:55:56.328 [main] DEBUG io.netty.util.internal.PlatformDependent - -Dio.netty.noUnsafe: false
19:55:56.329 [main] DEBUG io.netty.util.internal.PlatformDependent - sun.misc.Unsafe: available
19:55:56.330 [main] DEBUG io.netty.util.internal.PlatformDependent - -Dio.netty.noJavassist: false
19:55:56.521 [main] DEBUG io.netty.util.internal.PlatformDependent - Javassist: available
19:55:56.522 [main] DEBUG io.netty.util.internal.PlatformDependent - -Dio.netty.tmpdir: /tmp (java.io.tmpdir)
19:55:56.523 [main] DEBUG io.netty.util.internal.PlatformDependent - -Dio.netty.bitMode: 64 (sun.arch.data.model)
19:55:56.523 [main] DEBUG io.netty.util.internal.PlatformDependent - -Dio.netty.noPreferDirect: false
19:55:56.545 [main] DEBUG io.netty.channel.MultithreadEventLoopGroup - -Dio.netty.eventLoopThreads: 8
19:55:56.574 [main] DEBUG io.netty.channel.nio.NioEventLoop - -Dio.netty.noKeySetOptimization: false
19:55:56.577 [main] DEBUG io.netty.channel.nio.NioEventLoop - -Dio.netty.selectorAutoRebuildThreshold: 512
19:57:20.886 [main] DEBUG cn.edu.sjtu.se.dclab.oss.util.Constants - null
19:57:20.892 [main] DEBUG cn.edu.sjtu.se.dclab.oss.util.Constants - application.properties not found.
null/application.properties (No such file or directory)
19:57:20.908 [main] INFO  cn.edu.sjtu.se.dclab.oss.OnlineStatusServer - Initializing online status server...
19:57:20.909 [main] INFO  cn.edu.sjtu.se.dclab.oss.OnlineStatusServer - Initializing redis client...
19:57:21.163 [main] DEBUG io.netty.util.internal.logging.InternalLoggerFactory - Using SLF4J as the default logging framework
19:57:21.168 [main] DEBUG io.netty.util.ResourceLeakDetector - -Dio.netty.leakDetectionLevel: simple
19:57:21.181 [main] DEBUG io.netty.util.internal.PlatformDependent0 - java.nio.Buffer.address: available
19:57:21.182 [main] DEBUG io.netty.util.internal.PlatformDependent0 - sun.misc.Unsafe.theUnsafe: available
19:57:21.182 [main] DEBUG io.netty.util.internal.PlatformDependent0 - sun.misc.Unsafe.copyMemory: available
19:57:21.183 [main] DEBUG io.netty.util.internal.PlatformDependent0 - java.nio.Bits.unaligned: true
19:57:21.184 [main] DEBUG io.netty.util.internal.PlatformDependent - Java version: 8
19:57:21.184 [main] DEBUG io.netty.util.internal.PlatformDependent - -Dio.netty.noUnsafe: false
19:57:21.185 [main] DEBUG io.netty.util.internal.PlatformDependent - sun.misc.Unsafe: available
19:57:21.185 [main] DEBUG io.netty.util.internal.PlatformDependent - -Dio.netty.noJavassist: false
19:57:21.330 [main] DEBUG io.netty.util.internal.PlatformDependent - Javassist: available
19:57:21.330 [main] DEBUG io.netty.util.internal.PlatformDependent - -Dio.netty.tmpdir: /tmp (java.io.tmpdir)
19:57:21.330 [main] DEBUG io.netty.util.internal.PlatformDependent - -Dio.netty.bitMode: 64 (sun.arch.data.model)
19:57:21.331 [main] DEBUG io.netty.util.internal.PlatformDependent - -Dio.netty.noPreferDirect: false
19:57:21.346 [main] DEBUG io.netty.channel.MultithreadEventLoopGroup - -Dio.netty.eventLoopThreads: 8
19:57:21.371 [main] DEBUG io.netty.channel.nio.NioEventLoop - -Dio.netty.noKeySetOptimization: false
19:57:21.371 [main] DEBUG io.netty.channel.nio.NioEventLoop - -Dio.netty.selectorAutoRebuildThreshold: 512
19:57:29.236 [main] INFO  cn.edu.sjtu.se.dclab.oss.OnlineStatusServer - Initializing online status server...
19:57:29.254 [main] INFO  cn.edu.sjtu.se.dclab.oss.OnlineStatusServer - Initializing redis client...
19:57:29.283 [main] DEBUG cn.edu.sjtu.se.dclab.oss.util.Constants - null
19:57:29.288 [main] DEBUG cn.edu.sjtu.se.dclab.oss.util.Constants - application.properties not found.
null/application.properties (No such file or directory)
19:57:29.621 [main] DEBUG io.netty.util.internal.logging.InternalLoggerFactory - Using SLF4J as the default logging framework
19:57:29.632 [main] DEBUG io.netty.util.ResourceLeakDetector - -Dio.netty.leakDetectionLevel: simple
19:57:29.649 [main] DEBUG io.netty.util.internal.PlatformDependent0 - java.nio.Buffer.address: available
19:57:29.650 [main] DEBUG io.netty.util.internal.PlatformDependent0 - sun.misc.Unsafe.theUnsafe: available
19:57:29.654 [main] DEBUG io.netty.util.internal.PlatformDependent0 - sun.misc.Unsafe.copyMemory: available
19:57:29.658 [main] DEBUG io.netty.util.internal.PlatformDependent0 - java.nio.Bits.unaligned: true
19:57:29.660 [main] DEBUG io.netty.util.internal.PlatformDependent - Java version: 8
19:57:29.661 [main] DEBUG io.netty.util.internal.PlatformDependent - -Dio.netty.noUnsafe: false
19:57:29.661 [main] DEBUG io.netty.util.internal.PlatformDependent - sun.misc.Unsafe: available
19:57:29.662 [main] DEBUG io.netty.util.internal.PlatformDependent - -Dio.netty.noJavassist: false
19:57:29.912 [main] DEBUG io.netty.util.internal.PlatformDependent - Javassist: available
19:57:29.912 [main] DEBUG io.netty.util.internal.PlatformDependent - -Dio.netty.tmpdir: /tmp (java.io.tmpdir)
19:57:29.913 [main] DEBUG io.netty.util.internal.PlatformDependent - -Dio.netty.bitMode: 64 (sun.arch.data.model)
19:57:29.913 [main] DEBUG io.netty.util.internal.PlatformDependent - -Dio.netty.noPreferDirect: false
19:57:29.928 [main] DEBUG io.netty.channel.MultithreadEventLoopGroup - -Dio.netty.eventLoopThreads: 8
19:57:29.966 [main] DEBUG io.netty.channel.nio.NioEventLoop - -Dio.netty.noKeySetOptimization: false
19:57:29.967 [main] DEBUG io.netty.channel.nio.NioEventLoop - -Dio.netty.selectorAutoRebuildThreshold: 512
20:07:38.569 [main] INFO  cn.edu.sjtu.se.dclab.oss.OnlineStatusServer - Initializing online status server...
20:07:38.586 [main] INFO  cn.edu.sjtu.se.dclab.oss.OnlineStatusServer - Initializing redis client...
20:07:38.600 [main] DEBUG cn.edu.sjtu.se.dclab.oss.util.Constants - null
20:07:38.600 [main] DEBUG cn.edu.sjtu.se.dclab.oss.util.Constants - application.properties not found.
null/application.properties (No such file or directory)
20:07:39.013 [main] DEBUG io.netty.util.internal.logging.InternalLoggerFactory - Using SLF4J as the default logging framework
20:07:39.019 [main] DEBUG io.netty.util.ResourceLeakDetector - -Dio.netty.leakDetectionLevel: simple
20:07:39.031 [main] DEBUG io.netty.util.internal.PlatformDependent0 - java.nio.Buffer.address: available
20:07:39.033 [main] DEBUG io.netty.util.internal.PlatformDependent0 - sun.misc.Unsafe.theUnsafe: available
20:07:39.034 [main] DEBUG io.netty.util.internal.PlatformDependent0 - sun.misc.Unsafe.copyMemory: available
20:07:39.035 [main] DEBUG io.netty.util.internal.PlatformDependent0 - java.nio.Bits.unaligned: true
20:07:39.036 [main] DEBUG io.netty.util.internal.PlatformDependent - Java version: 8
20:07:39.036 [main] DEBUG io.netty.util.internal.PlatformDependent - -Dio.netty.noUnsafe: false
20:07:39.036 [main] DEBUG io.netty.util.internal.PlatformDependent - sun.misc.Unsafe: available
20:07:39.037 [main] DEBUG io.netty.util.internal.PlatformDependent - -Dio.netty.noJavassist: false
20:07:39.225 [main] DEBUG io.netty.util.internal.PlatformDependent - Javassist: available
20:07:39.226 [main] DEBUG io.netty.util.internal.PlatformDependent - -Dio.netty.tmpdir: /tmp (java.io.tmpdir)
20:07:39.227 [main] DEBUG io.netty.util.internal.PlatformDependent - -Dio.netty.bitMode: 64 (sun.arch.data.model)
20:07:39.227 [main] DEBUG io.netty.util.internal.PlatformDependent - -Dio.netty.noPreferDirect: false
20:07:39.250 [main] DEBUG io.netty.channel.MultithreadEventLoopGroup - -Dio.netty.eventLoopThreads: 8
20:07:39.291 [main] DEBUG io.netty.channel.nio.NioEventLoop - -Dio.netty.noKeySetOptimization: false
20:07:39.292 [main] DEBUG io.netty.channel.nio.NioEventLoop - -Dio.netty.selectorAutoRebuildThreshold: 512
20:07:56.173 [main] INFO  cn.edu.sjtu.se.dclab.oss.OnlineStatusServer - Initializing online status server...
20:07:56.182 [main] INFO  cn.edu.sjtu.se.dclab.oss.OnlineStatusServer - Initializing redis client...
20:07:56.195 [main] DEBUG cn.edu.sjtu.se.dclab.oss.util.Constants - null
20:07:56.200 [main] DEBUG cn.edu.sjtu.se.dclab.oss.util.Constants - application.properties not found.
null/application.properties (No such file or directory)
20:08:19.474 [main] DEBUG io.netty.util.internal.logging.InternalLoggerFactory - Using SLF4J as the default logging framework
20:08:19.479 [main] DEBUG io.netty.util.ResourceLeakDetector - -Dio.netty.leakDetectionLevel: simple
20:08:19.490 [main] DEBUG io.netty.util.internal.PlatformDependent0 - java.nio.Buffer.address: available
20:08:19.492 [main] DEBUG io.netty.util.internal.PlatformDependent0 - sun.misc.Unsafe.theUnsafe: available
20:08:19.494 [main] DEBUG io.netty.util.internal.PlatformDependent0 - sun.misc.Unsafe.copyMemory: available
20:08:19.495 [main] DEBUG io.netty.util.internal.PlatformDependent0 - java.nio.Bits.unaligned: true
20:08:19.496 [main] DEBUG io.netty.util.internal.PlatformDependent - Java version: 8
20:08:19.497 [main] DEBUG io.netty.util.internal.PlatformDependent - -Dio.netty.noUnsafe: false
20:08:19.497 [main] DEBUG io.netty.util.internal.PlatformDependent - sun.misc.Unsafe: available
20:08:19.498 [main] DEBUG io.netty.util.internal.PlatformDependent - -Dio.netty.noJavassist: false
20:08:19.695 [main] DEBUG io.netty.util.internal.PlatformDependent - Javassist: available
20:08:19.698 [main] DEBUG io.netty.util.internal.PlatformDependent - -Dio.netty.tmpdir: /tmp (java.io.tmpdir)
20:08:19.700 [main] DEBUG io.netty.util.internal.PlatformDependent - -Dio.netty.bitMode: 64 (sun.arch.data.model)
20:08:19.701 [main] DEBUG io.netty.util.internal.PlatformDependent - -Dio.netty.noPreferDirect: false
20:08:19.724 [main] DEBUG io.netty.channel.MultithreadEventLoopGroup - -Dio.netty.eventLoopThreads: 8
20:08:19.767 [main] DEBUG io.netty.channel.nio.NioEventLoop - -Dio.netty.noKeySetOptimization: false
20:08:19.768 [main] DEBUG io.netty.channel.nio.NioEventLoop - -Dio.netty.selectorAutoRebuildThreshold: 512
20:10:54.487 [main] INFO  cn.edu.sjtu.se.dclab.oss.OnlineStatusServer - Initializing online status server...
20:10:54.492 [main] INFO  cn.edu.sjtu.se.dclab.oss.OnlineStatusServer - Initializing redis client...
20:10:54.505 [main] DEBUG cn.edu.sjtu.se.dclab.oss.util.Constants - null
20:10:54.508 [main] DEBUG cn.edu.sjtu.se.dclab.oss.util.Constants - application.properties not found.
null/application.properties (No such file or directory)
20:10:54.792 [main] DEBUG io.netty.util.internal.logging.InternalLoggerFactory - Using SLF4J as the default logging framework
20:10:54.820 [main] DEBUG io.netty.util.ResourceLeakDetector - -Dio.netty.leakDetectionLevel: simple
20:10:54.854 [main] DEBUG io.netty.util.internal.PlatformDependent0 - java.nio.Buffer.address: available
20:10:54.857 [main] DEBUG io.netty.util.internal.PlatformDependent0 - sun.misc.Unsafe.theUnsafe: available
20:10:54.859 [main] DEBUG io.netty.util.internal.PlatformDependent0 - sun.misc.Unsafe.copyMemory: available
20:10:54.861 [main] DEBUG io.netty.util.internal.PlatformDependent0 - java.nio.Bits.unaligned: true
20:10:54.862 [main] DEBUG io.netty.util.internal.PlatformDependent - Java version: 8
20:10:54.863 [main] DEBUG io.netty.util.internal.PlatformDependent - -Dio.netty.noUnsafe: false
20:10:54.863 [main] DEBUG io.netty.util.internal.PlatformDependent - sun.misc.Unsafe: available
20:10:54.864 [main] DEBUG io.netty.util.internal.PlatformDependent - -Dio.netty.noJavassist: false
20:10:55.095 [main] DEBUG io.netty.util.internal.PlatformDependent - Javassist: available
20:10:55.095 [main] DEBUG io.netty.util.internal.PlatformDependent - -Dio.netty.tmpdir: /tmp (java.io.tmpdir)
20:10:55.095 [main] DEBUG io.netty.util.internal.PlatformDependent - -Dio.netty.bitMode: 64 (sun.arch.data.model)
20:10:55.096 [main] DEBUG io.netty.util.internal.PlatformDependent - -Dio.netty.noPreferDirect: false
20:10:55.111 [main] DEBUG io.netty.channel.MultithreadEventLoopGroup - -Dio.netty.eventLoopThreads: 8
20:10:55.135 [main] DEBUG io.netty.channel.nio.NioEventLoop - -Dio.netty.noKeySetOptimization: false
20:10:55.135 [main] DEBUG io.netty.channel.nio.NioEventLoop - -Dio.netty.selectorAutoRebuildThreshold: 512
20:11:05.309 [main] INFO  cn.edu.sjtu.se.dclab.oss.OnlineStatusServer - Initializing online status server...
20:11:05.357 [main] INFO  cn.edu.sjtu.se.dclab.oss.OnlineStatusServer - Initializing redis client...
20:11:05.368 [main] DEBUG cn.edu.sjtu.se.dclab.oss.util.Constants - null
20:11:12.578 [main] DEBUG cn.edu.sjtu.se.dclab.oss.util.Constants - application.properties not found.
null/application.properties (No such file or directory)
20:11:12.819 [main] DEBUG io.netty.util.internal.logging.InternalLoggerFactory - Using SLF4J as the default logging framework
20:11:12.824 [main] DEBUG io.netty.util.ResourceLeakDetector - -Dio.netty.leakDetectionLevel: simple
20:11:12.841 [main] DEBUG io.netty.util.internal.PlatformDependent0 - java.nio.Buffer.address: available
20:11:12.842 [main] DEBUG io.netty.util.internal.PlatformDependent0 - sun.misc.Unsafe.theUnsafe: available
20:11:12.843 [main] DEBUG io.netty.util.internal.PlatformDependent0 - sun.misc.Unsafe.copyMemory: available
20:11:12.844 [main] DEBUG io.netty.util.internal.PlatformDependent0 - java.nio.Bits.unaligned: true
20:11:12.845 [main] DEBUG io.netty.util.internal.PlatformDependent - Java version: 8
20:11:12.845 [main] DEBUG io.netty.util.internal.PlatformDependent - -Dio.netty.noUnsafe: false
20:11:12.846 [main] DEBUG io.netty.util.internal.PlatformDependent - sun.misc.Unsafe: available
20:11:12.847 [main] DEBUG io.netty.util.internal.PlatformDependent - -Dio.netty.noJavassist: false
20:11:13.018 [main] DEBUG io.netty.util.internal.PlatformDependent - Javassist: available
20:11:13.018 [main] DEBUG io.netty.util.internal.PlatformDependent - -Dio.netty.tmpdir: /tmp (java.io.tmpdir)
20:11:13.019 [main] DEBUG io.netty.util.internal.PlatformDependent - -Dio.netty.bitMode: 64 (sun.arch.data.model)
20:11:13.019 [main] DEBUG io.netty.util.internal.PlatformDependent - -Dio.netty.noPreferDirect: false
20:11:13.034 [main] DEBUG io.netty.channel.MultithreadEventLoopGroup - -Dio.netty.eventLoopThreads: 8
20:11:13.057 [main] DEBUG io.netty.channel.nio.NioEventLoop - -Dio.netty.noKeySetOptimization: false
20:11:13.057 [main] DEBUG io.netty.channel.nio.NioEventLoop - -Dio.netty.selectorAutoRebuildThreshold: 512
20:13:15.486 [main] INFO  cn.edu.sjtu.se.dclab.oss.OnlineStatusServer - Initializing online status server...
20:13:15.495 [main] INFO  cn.edu.sjtu.se.dclab.oss.OnlineStatusServer - Initializing redis client...
20:13:15.501 [main] DEBUG cn.edu.sjtu.se.dclab.oss.util.Constants - null
20:13:15.502 [main] DEBUG cn.edu.sjtu.se.dclab.oss.util.Constants - application.properties not found.
/home/francis/projects/online-status-server/src/main/resources/application.properties (No such file or directory)
20:13:15.827 [main] DEBUG io.netty.util.internal.logging.InternalLoggerFactory - Using SLF4J as the default logging framework
20:13:15.837 [main] DEBUG io.netty.util.ResourceLeakDetector - -Dio.netty.leakDetectionLevel: simple
20:13:15.859 [main] DEBUG io.netty.util.internal.PlatformDependent0 - java.nio.Buffer.address: available
20:13:15.866 [main] DEBUG io.netty.util.internal.PlatformDependent0 - sun.misc.Unsafe.theUnsafe: available
20:13:15.867 [main] DEBUG io.netty.util.internal.PlatformDependent0 - sun.misc.Unsafe.copyMemory: available
20:13:15.868 [main] DEBUG io.netty.util.internal.PlatformDependent0 - java.nio.Bits.unaligned: true
20:13:15.873 [main] DEBUG io.netty.util.internal.PlatformDependent - Java version: 8
20:13:15.874 [main] DEBUG io.netty.util.internal.PlatformDependent - -Dio.netty.noUnsafe: false
20:13:15.874 [main] DEBUG io.netty.util.internal.PlatformDependent - sun.misc.Unsafe: available
20:13:15.875 [main] DEBUG io.netty.util.internal.PlatformDependent - -Dio.netty.noJavassist: false
20:13:16.111 [main] DEBUG io.netty.util.internal.PlatformDependent - Javassist: available
20:13:16.112 [main] DEBUG io.netty.util.internal.PlatformDependent - -Dio.netty.tmpdir: /tmp (java.io.tmpdir)
20:13:16.112 [main] DEBUG io.netty.util.internal.PlatformDependent - -Dio.netty.bitMode: 64 (sun.arch.data.model)
20:13:16.112 [main] DEBUG io.netty.util.internal.PlatformDependent - -Dio.netty.noPreferDirect: false
20:13:16.130 [main] DEBUG io.netty.channel.MultithreadEventLoopGroup - -Dio.netty.eventLoopThreads: 8
20:13:16.163 [main] DEBUG io.netty.channel.nio.NioEventLoop - -Dio.netty.noKeySetOptimization: false
20:13:16.164 [main] DEBUG io.netty.channel.nio.NioEventLoop - -Dio.netty.selectorAutoRebuildThreshold: 512
20:13:27.283 [main] INFO  cn.edu.sjtu.se.dclab.oss.OnlineStatusServer - Initializing online status server...
20:13:27.294 [main] INFO  cn.edu.sjtu.se.dclab.oss.OnlineStatusServer - Initializing redis client...
20:13:27.306 [main] DEBUG cn.edu.sjtu.se.dclab.oss.util.Constants - null
20:13:58.540 [main] INFO  cn.edu.sjtu.se.dclab.oss.OnlineStatusServer - Initializing online status server...
20:13:58.551 [main] INFO  cn.edu.sjtu.se.dclab.oss.OnlineStatusServer - Initializing redis client...
20:13:58.559 [main] DEBUG cn.edu.sjtu.se.dclab.oss.util.Constants - null
20:13:58.560 [main] DEBUG cn.edu.sjtu.se.dclab.oss.util.Constants - application.properties not found.
/home/francis/projects/online-status-server/src/main/resources/application.properties (No such file or directory)
20:13:58.825 [main] DEBUG io.netty.util.internal.logging.InternalLoggerFactory - Using SLF4J as the default logging framework
20:13:58.828 [main] DEBUG io.netty.util.ResourceLeakDetector - -Dio.netty.leakDetectionLevel: simple
20:13:58.838 [main] DEBUG io.netty.util.internal.PlatformDependent0 - java.nio.Buffer.address: available
20:13:58.839 [main] DEBUG io.netty.util.internal.PlatformDependent0 - sun.misc.Unsafe.theUnsafe: available
20:13:58.840 [main] DEBUG io.netty.util.internal.PlatformDependent0 - sun.misc.Unsafe.copyMemory: available
20:13:58.841 [main] DEBUG io.netty.util.internal.PlatformDependent0 - java.nio.Bits.unaligned: true
20:13:58.841 [main] DEBUG io.netty.util.internal.PlatformDependent - Java version: 8
20:13:58.842 [main] DEBUG io.netty.util.internal.PlatformDependent - -Dio.netty.noUnsafe: false
20:13:58.842 [main] DEBUG io.netty.util.internal.PlatformDependent - sun.misc.Unsafe: available
20:13:58.843 [main] DEBUG io.netty.util.internal.PlatformDependent - -Dio.netty.noJavassist: false
20:13:59.000 [main] DEBUG io.netty.util.internal.PlatformDependent - Javassist: available
20:13:59.001 [main] DEBUG io.netty.util.internal.PlatformDependent - -Dio.netty.tmpdir: /tmp (java.io.tmpdir)
20:13:59.001 [main] DEBUG io.netty.util.internal.PlatformDependent - -Dio.netty.bitMode: 64 (sun.arch.data.model)
20:13:59.002 [main] DEBUG io.netty.util.internal.PlatformDependent - -Dio.netty.noPreferDirect: false
20:13:59.020 [main] DEBUG io.netty.channel.MultithreadEventLoopGroup - -Dio.netty.eventLoopThreads: 8
20:13:59.044 [main] DEBUG io.netty.channel.nio.NioEventLoop - -Dio.netty.noKeySetOptimization: false
20:13:59.044 [main] DEBUG io.netty.channel.nio.NioEventLoop - -Dio.netty.selectorAutoRebuildThreshold: 512
20:14:53.651 [main] INFO  cn.edu.sjtu.se.dclab.oss.OnlineStatusServer - Initializing online status server...
20:14:53.661 [main] INFO  cn.edu.sjtu.se.dclab.oss.OnlineStatusServer - Initializing redis client...
20:14:53.668 [main] DEBUG cn.edu.sjtu.se.dclab.oss.util.Constants - null
20:15:00.067 [main] DEBUG cn.edu.sjtu.se.dclab.oss.util.Constants - application.properties not found.
/home/francis/projects/online-status-server/src/conf/application.properties (No such file or directory)
20:15:00.340 [main] DEBUG io.netty.util.internal.logging.InternalLoggerFactory - Using SLF4J as the default logging framework
20:15:00.345 [main] DEBUG io.netty.util.ResourceLeakDetector - -Dio.netty.leakDetectionLevel: simple
20:15:00.357 [main] DEBUG io.netty.util.internal.PlatformDependent0 - java.nio.Buffer.address: available
20:15:00.359 [main] DEBUG io.netty.util.internal.PlatformDependent0 - sun.misc.Unsafe.theUnsafe: available
20:15:00.359 [main] DEBUG io.netty.util.internal.PlatformDependent0 - sun.misc.Unsafe.copyMemory: available
20:15:00.360 [main] DEBUG io.netty.util.internal.PlatformDependent0 - java.nio.Bits.unaligned: true
20:15:00.362 [main] DEBUG io.netty.util.internal.PlatformDependent - Java version: 8
20:15:00.362 [main] DEBUG io.netty.util.internal.PlatformDependent - -Dio.netty.noUnsafe: false
20:15:00.363 [main] DEBUG io.netty.util.internal.PlatformDependent - sun.misc.Unsafe: available
20:15:00.364 [main] DEBUG io.netty.util.internal.PlatformDependent - -Dio.netty.noJavassist: false
20:15:00.537 [main] DEBUG io.netty.util.internal.PlatformDependent - Javassist: available
20:15:00.538 [main] DEBUG io.netty.util.internal.PlatformDependent - -Dio.netty.tmpdir: /tmp (java.io.tmpdir)
20:15:00.538 [main] DEBUG io.netty.util.internal.PlatformDependent - -Dio.netty.bitMode: 64 (sun.arch.data.model)
20:15:00.538 [main] DEBUG io.netty.util.internal.PlatformDependent - -Dio.netty.noPreferDirect: false
20:15:00.554 [main] DEBUG io.netty.channel.MultithreadEventLoopGroup - -Dio.netty.eventLoopThreads: 8
20:15:00.576 [main] DEBUG io.netty.channel.nio.NioEventLoop - -Dio.netty.noKeySetOptimization: false
20:15:00.577 [main] DEBUG io.netty.channel.nio.NioEventLoop - -Dio.netty.selectorAutoRebuildThreshold: 512
20:15:18.837 [main] INFO  cn.edu.sjtu.se.dclab.oss.OnlineStatusServer - Initializing online status server...
20:15:18.845 [main] INFO  cn.edu.sjtu.se.dclab.oss.OnlineStatusServer - Initializing redis client...
20:15:18.851 [main] DEBUG cn.edu.sjtu.se.dclab.oss.util.Constants - null
20:15:18.857 [main] INFO  cn.edu.sjtu.se.dclab.oss.util.Constants - Redis: 192.168.1.254:6379
20:15:19.219 [main] DEBUG io.netty.util.internal.logging.InternalLoggerFactory - Using SLF4J as the default logging framework
20:15:19.225 [main] DEBUG io.netty.util.ResourceLeakDetector - -Dio.netty.leakDetectionLevel: simple
20:15:19.237 [main] DEBUG io.netty.util.internal.PlatformDependent0 - java.nio.Buffer.address: available
20:15:19.238 [main] DEBUG io.netty.util.internal.PlatformDependent0 - sun.misc.Unsafe.theUnsafe: available
20:15:19.238 [main] DEBUG io.netty.util.internal.PlatformDependent0 - sun.misc.Unsafe.copyMemory: available
20:15:19.239 [main] DEBUG io.netty.util.internal.PlatformDependent0 - java.nio.Bits.unaligned: true
20:15:19.242 [main] DEBUG io.netty.util.internal.PlatformDependent - Java version: 8
20:15:19.242 [main] DEBUG io.netty.util.internal.PlatformDependent - -Dio.netty.noUnsafe: false
20:15:19.242 [main] DEBUG io.netty.util.internal.PlatformDependent - sun.misc.Unsafe: available
20:15:19.243 [main] DEBUG io.netty.util.internal.PlatformDependent - -Dio.netty.noJavassist: false
20:15:19.715 [main] DEBUG io.netty.util.internal.PlatformDependent - Javassist: available
20:15:19.715 [main] DEBUG io.netty.util.internal.PlatformDependent - -Dio.netty.tmpdir: /tmp (java.io.tmpdir)
20:15:19.716 [main] DEBUG io.netty.util.internal.PlatformDependent - -Dio.netty.bitMode: 64 (sun.arch.data.model)
20:15:19.717 [main] DEBUG io.netty.util.internal.PlatformDependent - -Dio.netty.noPreferDirect: false
20:15:19.742 [main] DEBUG io.netty.channel.MultithreadEventLoopGroup - -Dio.netty.eventLoopThreads: 8
20:15:19.771 [main] DEBUG io.netty.channel.nio.NioEventLoop - -Dio.netty.noKeySetOptimization: false
20:15:19.772 [main] DEBUG io.netty.channel.nio.NioEventLoop - -Dio.netty.selectorAutoRebuildThreshold: 512
20:15:19.808 [main] INFO  cn.edu.sjtu.se.dclab.oss.OnlineStatusServer - Initializing redis client completed...
20:15:19.825 [main] INFO  cn.edu.sjtu.se.dclab.oss.OnlineStatusServer - Starting server on port 6666
20:15:26.509 [main] INFO  org.apache.zookeeper.ZooKeeper - Client environment:zookeeper.version=3.4.6-1569965, built on 02/20/2014 09:09 GMT
20:15:26.510 [main] INFO  org.apache.zookeeper.ZooKeeper - Client environment:host.name=ubuntu
20:15:26.510 [main] INFO  org.apache.zookeeper.ZooKeeper - Client environment:java.version=1.8.0_45
20:15:26.510 [main] INFO  org.apache.zookeeper.ZooKeeper - Client environment:java.vendor=Oracle Corporation
20:15:26.511 [main] INFO  org.apache.zookeeper.ZooKeeper - Client environment:java.home=/home/francis/softwares/jdk1.8.0_45/jre
20:15:26.511 [main] INFO  org.apache.zookeeper.ZooKeeper - Client environment:java.class.path=/home/francis/softwares/idea-IC-141.1010.3/lib/idea_rt.jar:/home/francis/softwares/idea-IC-141.1010.3/plugins/junit/lib/junit-rt.jar:/home/francis/softwares/jdk1.8.0_45/jre/lib/management-agent.jar:/home/francis/softwares/jdk1.8.0_45/jre/lib/jce.jar:/home/francis/softwares/jdk1.8.0_45/jre/lib/charsets.jar:/home/francis/softwares/jdk1.8.0_45/jre/lib/deploy.jar:/home/francis/softwares/jdk1.8.0_45/jre/lib/jsse.jar:/home/francis/softwares/jdk1.8.0_45/jre/lib/resources.jar:/home/francis/softwares/jdk1.8.0_45/jre/lib/javaws.jar:/home/francis/softwares/jdk1.8.0_45/jre/lib/jfr.jar:/home/francis/softwares/jdk1.8.0_45/jre/lib/jfxswt.jar:/home/francis/softwares/jdk1.8.0_45/jre/lib/plugin.jar:/home/francis/softwares/jdk1.8.0_45/jre/lib/rt.jar:/home/francis/softwares/jdk1.8.0_45/jre/lib/ext/localedata.jar:/home/francis/softwares/jdk1.8.0_45/jre/lib/ext/sunec.jar:/home/francis/softwares/jdk1.8.0_45/jre/lib/ext/jfxrt.jar:/home/francis/softwares/jdk1.8.0_45/jre/lib/ext/nashorn.jar:/home/francis/softwares/jdk1.8.0_45/jre/lib/ext/zipfs.jar:/home/francis/softwares/jdk1.8.0_45/jre/lib/ext/cldrdata.jar:/home/francis/softwares/jdk1.8.0_45/jre/lib/ext/sunpkcs11.jar:/home/francis/softwares/jdk1.8.0_45/jre/lib/ext/dnsns.jar:/home/francis/softwares/jdk1.8.0_45/jre/lib/ext/sunjce_provider.jar:/home/francis/projects/online-status-server/target/test-classes:/home/francis/projects/online-status-server/target/classes:/home/francis/.m2/repository/junit/junit/4.11/junit-4.11.jar:/home/francis/.m2/repository/org/hamcrest/hamcrest-core/1.3/hamcrest-core-1.3.jar:/home/francis/.m2/repository/org/javassist/javassist/3.19.0-GA/javassist-3.19.0-GA.jar:/home/francis/.m2/repository/com/rabbitmq/amqp-client/3.5.3/amqp-client-3.5.3.jar:/home/francis/.m2/repository/org/redisson/redisson/1.2.1/redisson-1.2.1.jar:/home/francis/.m2/repository/io/netty/netty-buffer/4.0.26.Final/netty-buffer-4.0.26.Final.jar:/home/francis/.m2/repository/io/netty/netty-common/4.0.26.Final/netty-common-4.0.26.Final.jar:/home/francis/.m2/repository/io/netty/netty-transport/4.0.26.Final/netty-transport-4.0.26.Final.jar:/home/francis/.m2/repository/io/netty/netty-handler/4.0.26.Final/netty-handler-4.0.26.Final.jar:/home/francis/.m2/repository/io/netty/netty-codec-http/4.0.26.Final/netty-codec-http-4.0.26.Final.jar:/home/francis/.m2/repository/io/netty/netty-codec/4.0.26.Final/netty-codec-4.0.26.Final.jar:/home/francis/.m2/repository/org/apache/thrift/libthrift/0.9.2/libthrift-0.9.2.jar:/home/francis/.m2/repository/org/apache/httpcomponents/httpclient/4.2.5/httpclient-4.2.5.jar:/home/francis/.m2/repository/commons-logging/commons-logging/1.1.1/commons-logging-1.1.1.jar:/home/francis/.m2/repository/commons-codec/commons-codec/1.6/commons-codec-1.6.jar:/home/francis/.m2/repository/org/apache/httpcomponents/httpcore/4.2.4/httpcore-4.2.4.jar:/home/francis/.m2/repository/com/fasterxml/jackson/core/jackson-core/2.5.2/jackson-core-2.5.2.jar:/home/francis/.m2/repository/com/fasterxml/jackson/core/jackson-databind/2.5.2/jackson-databind-2.5.2.jar:/home/francis/.m2/repository/com/fasterxml/jackson/core/jackson-annotations/2.5.2/jackson-annotations-2.5.2.jar:/home/francis/.m2/repository/org/slf4j/slf4j-api/1.6.5/slf4j-api-1.6.5.jar:/home/francis/.m2/repository/ch/qos/logback/logback-core/1.0.4/logback-core-1.0.4.jar:/home/francis/.m2/repository/ch/qos/logback/logback-classic/1.0.4/logback-classic-1.0.4.jar:/home/francis/.m2/repository/commons-daemon/commons-daemon/1.0.15/commons-daemon-1.0.15.jar:/home/francis/.m2/repository/com/google/guava/guava/16.0.1/guava-16.0.1.jar:/home/francis/.m2/repository/cn/edu/sjtu/se/dclab/service-management/0.1/service-management-0.1.jar:/home/francis/.m2/repository/org/apache/zookeeper/zookeeper/3.4.6/zookeeper-3.4.6.jar:/home/francis/.m2/repository/org/slf4j/slf4j-log4j12/1.6.1/slf4j-log4j12-1.6.1.jar:/home/francis/.m2/repository/log4j/log4j/1.2.16/log4j-1.2.16.jar:/home/francis/.m2/repository/jline/jline/0.9.94/jline-0.9.94.jar:/home/francis/.m2/repository/io/netty/netty/3.7.0.Final/netty-3.7.0.Final.jar:/home/francis/.m2/repository/com/github/sgroschupf/zkclient/0.1/zkclient-0.1.jar
20:15:26.520 [main] INFO  org.apache.zookeeper.ZooKeeper - Client environment:java.library.path=/home/francis/softwares/idea-IC-141.1010.3/bin::/usr/java/packages/lib/amd64:/usr/lib64:/lib64:/lib:/usr/lib
20:15:26.521 [main] INFO  org.apache.zookeeper.ZooKeeper - Client environment:java.io.tmpdir=/tmp
20:15:26.521 [main] INFO  org.apache.zookeeper.ZooKeeper - Client environment:java.compiler=<NA>
20:15:26.522 [main] INFO  org.apache.zookeeper.ZooKeeper - Client environment:os.name=Linux
20:15:26.522 [main] INFO  org.apache.zookeeper.ZooKeeper - Client environment:os.arch=amd64
20:15:26.523 [main] INFO  org.apache.zookeeper.ZooKeeper - Client environment:os.version=3.16.0-30-generic
20:15:26.523 [main] INFO  org.apache.zookeeper.ZooKeeper - Client environment:user.name=francis
20:15:26.523 [main] INFO  org.apache.zookeeper.ZooKeeper - Client environment:user.home=/home/francis
20:15:26.524 [main] INFO  org.apache.zookeeper.ZooKeeper - Client environment:user.dir=/home/francis/projects/online-status-server
20:15:26.526 [main] INFO  org.apache.zookeeper.ZooKeeper - Initiating client connection, connectString=192.168.1.254:19913 sessionTimeout=30000 watcher=org.I0Itec.zkclient.ZkClient@12c7a01b
20:15:26.532 [main] DEBUG org.apache.zookeeper.ClientCnxn - zookeeper.disableAutoWatchReset is false
20:15:26.562 [main-SendThread(192.168.1.254:19913)] INFO  org.apache.zookeeper.ClientCnxn - Opening socket connection to server 192.168.1.254/192.168.1.254:19913. Will not attempt to authenticate using SASL (unknown error)
20:15:26.725 [main-SendThread(192.168.1.254:19913)] INFO  org.apache.zookeeper.ClientCnxn - Socket connection established to 192.168.1.254/192.168.1.254:19913, initiating session
20:15:26.729 [main-SendThread(192.168.1.254:19913)] DEBUG org.apache.zookeeper.ClientCnxn - Session establishment request sent on 192.168.1.254/192.168.1.254:19913
20:15:26.759 [main-SendThread(192.168.1.254:19913)] INFO  org.apache.zookeeper.ClientCnxn - Session establishment complete on server 192.168.1.254/192.168.1.254:19913, sessionid = 0x14daa937ec40049, negotiated timeout = 30000
20:15:26.791 [main-SendThread(192.168.1.254:19913)] DEBUG org.apache.zookeeper.ClientCnxn - Reading reply sessionid:0x14daa937ec40049, packet:: clientPath:null serverPath:null finished:false header:: 1,3  replyHeader:: 1,60130894494,-101  request:: '/online-status-server/6b1554d3029142e6a05b4ff6ed36d551,F  response::  
20:15:26.813 [main-SendThread(192.168.1.254:19913)] DEBUG org.apache.zookeeper.ClientCnxn - Reading reply sessionid:0x14daa937ec40049, packet:: clientPath:null serverPath:null finished:false header:: 2,1  replyHeader:: 2,60130894495,0  request:: '/online-status-server/6b1554d3029142e6a05b4ff6ed36d551,,v{s{31,s{'world,'anyone}}},0  response:: '/online-status-server/6b1554d3029142e6a05b4ff6ed36d551 
20:15:26.899 [main-SendThread(192.168.1.254:19913)] DEBUG org.apache.zookeeper.ClientCnxn - Reading reply sessionid:0x14daa937ec40049, packet:: clientPath:null serverPath:null finished:false header:: 3,5  replyHeader:: 3,60130894497,0  request:: '/online-status-server/6b1554d3029142e6a05b4ff6ed36d551,#ffffffacffffffed05740e3132372e302e312e313a36363636,-1  response:: s{60130894495,60130894497,1433852127083,1433852127108,1,0,0,0,21,0,60130894495} 
20:15:36.847 [main-SendThread(192.168.1.254:19913)] DEBUG org.apache.zookeeper.ClientCnxn - Got ping response for sessionid: 0x14daa937ec40049 after 8ms
20:15:46.851 [main-SendThread(192.168.1.254:19913)] DEBUG org.apache.zookeeper.ClientCnxn - Got ping response for sessionid: 0x14daa937ec40049 after 3ms
20:15:56.872 [main-SendThread(192.168.1.254:19913)] DEBUG org.apache.zookeeper.ClientCnxn - Got ping response for sessionid: 0x14daa937ec40049 after 16ms
20:17:49.599 [main] INFO  cn.edu.sjtu.se.dclab.oss.OnlineStatusServer - Initializing online status server...
20:17:49.629 [main] INFO  cn.edu.sjtu.se.dclab.oss.OnlineStatusServer - Initializing redis client...
20:17:49.637 [main] DEBUG cn.edu.sjtu.se.dclab.oss.util.Constants - null
20:17:49.638 [main] INFO  cn.edu.sjtu.se.dclab.oss.util.Constants - Redis: 192.168.1.254:6379
20:17:49.982 [main] DEBUG io.netty.util.internal.logging.InternalLoggerFactory - Using SLF4J as the default logging framework
20:17:49.988 [main] DEBUG io.netty.util.ResourceLeakDetector - -Dio.netty.leakDetectionLevel: simple
20:17:50.001 [main] DEBUG io.netty.util.internal.PlatformDependent0 - java.nio.Buffer.address: available
20:17:50.002 [main] DEBUG io.netty.util.internal.PlatformDependent0 - sun.misc.Unsafe.theUnsafe: available
20:17:50.003 [main] DEBUG io.netty.util.internal.PlatformDependent0 - sun.misc.Unsafe.copyMemory: available
20:17:50.004 [main] DEBUG io.netty.util.internal.PlatformDependent0 - java.nio.Bits.unaligned: true
20:17:50.006 [main] DEBUG io.netty.util.internal.PlatformDependent - Java version: 8
20:17:50.006 [main] DEBUG io.netty.util.internal.PlatformDependent - -Dio.netty.noUnsafe: false
20:17:50.007 [main] DEBUG io.netty.util.internal.PlatformDependent - sun.misc.Unsafe: available
20:17:50.007 [main] DEBUG io.netty.util.internal.PlatformDependent - -Dio.netty.noJavassist: false
20:17:50.303 [main] DEBUG io.netty.util.internal.PlatformDependent - Javassist: available
20:17:50.304 [main] DEBUG io.netty.util.internal.PlatformDependent - -Dio.netty.tmpdir: /tmp (java.io.tmpdir)
20:17:50.305 [main] DEBUG io.netty.util.internal.PlatformDependent - -Dio.netty.bitMode: 64 (sun.arch.data.model)
20:17:50.305 [main] DEBUG io.netty.util.internal.PlatformDependent - -Dio.netty.noPreferDirect: false
20:17:50.330 [main] DEBUG io.netty.channel.MultithreadEventLoopGroup - -Dio.netty.eventLoopThreads: 8
20:17:50.362 [main] DEBUG io.netty.channel.nio.NioEventLoop - -Dio.netty.noKeySetOptimization: false
20:17:50.362 [main] DEBUG io.netty.channel.nio.NioEventLoop - -Dio.netty.selectorAutoRebuildThreshold: 512
20:17:50.392 [main] INFO  cn.edu.sjtu.se.dclab.oss.OnlineStatusServer - Initializing redis client completed...
20:17:50.408 [main] INFO  cn.edu.sjtu.se.dclab.oss.OnlineStatusServer - Starting server on port 6666
20:17:50.482 [main] INFO  org.apache.zookeeper.ZooKeeper - Client environment:zookeeper.version=3.4.6-1569965, built on 02/20/2014 09:09 GMT
20:17:50.482 [main] INFO  org.apache.zookeeper.ZooKeeper - Client environment:host.name=ubuntu
20:17:50.483 [main] INFO  org.apache.zookeeper.ZooKeeper - Client environment:java.version=1.8.0_45
20:17:50.483 [main] INFO  org.apache.zookeeper.ZooKeeper - Client environment:java.vendor=Oracle Corporation
20:17:50.483 [main] INFO  org.apache.zookeeper.ZooKeeper - Client environment:java.home=/home/francis/softwares/jdk1.8.0_45/jre
20:17:50.483 [main] INFO  org.apache.zookeeper.ZooKeeper - Client environment:java.class.path=/home/francis/softwares/idea-IC-141.1010.3/lib/idea_rt.jar:/home/francis/softwares/idea-IC-141.1010.3/plugins/junit/lib/junit-rt.jar:/home/francis/softwares/jdk1.8.0_45/jre/lib/management-agent.jar:/home/francis/softwares/jdk1.8.0_45/jre/lib/jce.jar:/home/francis/softwares/jdk1.8.0_45/jre/lib/charsets.jar:/home/francis/softwares/jdk1.8.0_45/jre/lib/deploy.jar:/home/francis/softwares/jdk1.8.0_45/jre/lib/jsse.jar:/home/francis/softwares/jdk1.8.0_45/jre/lib/resources.jar:/home/francis/softwares/jdk1.8.0_45/jre/lib/javaws.jar:/home/francis/softwares/jdk1.8.0_45/jre/lib/jfr.jar:/home/francis/softwares/jdk1.8.0_45/jre/lib/jfxswt.jar:/home/francis/softwares/jdk1.8.0_45/jre/lib/plugin.jar:/home/francis/softwares/jdk1.8.0_45/jre/lib/rt.jar:/home/francis/softwares/jdk1.8.0_45/jre/lib/ext/localedata.jar:/home/francis/softwares/jdk1.8.0_45/jre/lib/ext/sunec.jar:/home/francis/softwares/jdk1.8.0_45/jre/lib/ext/jfxrt.jar:/home/francis/softwares/jdk1.8.0_45/jre/lib/ext/nashorn.jar:/home/francis/softwares/jdk1.8.0_45/jre/lib/ext/zipfs.jar:/home/francis/softwares/jdk1.8.0_45/jre/lib/ext/cldrdata.jar:/home/francis/softwares/jdk1.8.0_45/jre/lib/ext/sunpkcs11.jar:/home/francis/softwares/jdk1.8.0_45/jre/lib/ext/dnsns.jar:/home/francis/softwares/jdk1.8.0_45/jre/lib/ext/sunjce_provider.jar:/home/francis/projects/online-status-server/target/test-classes:/home/francis/projects/online-status-server/target/classes:/home/francis/.m2/repository/junit/junit/4.11/junit-4.11.jar:/home/francis/.m2/repository/org/hamcrest/hamcrest-core/1.3/hamcrest-core-1.3.jar:/home/francis/.m2/repository/org/javassist/javassist/3.19.0-GA/javassist-3.19.0-GA.jar:/home/francis/.m2/repository/com/rabbitmq/amqp-client/3.5.3/amqp-client-3.5.3.jar:/home/francis/.m2/repository/org/redisson/redisson/1.2.1/redisson-1.2.1.jar:/home/francis/.m2/repository/io/netty/netty-buffer/4.0.26.Final/netty-buffer-4.0.26.Final.jar:/home/francis/.m2/repository/io/netty/netty-common/4.0.26.Final/netty-common-4.0.26.Final.jar:/home/francis/.m2/repository/io/netty/netty-transport/4.0.26.Final/netty-transport-4.0.26.Final.jar:/home/francis/.m2/repository/io/netty/netty-handler/4.0.26.Final/netty-handler-4.0.26.Final.jar:/home/francis/.m2/repository/io/netty/netty-codec-http/4.0.26.Final/netty-codec-http-4.0.26.Final.jar:/home/francis/.m2/repository/io/netty/netty-codec/4.0.26.Final/netty-codec-4.0.26.Final.jar:/home/francis/.m2/repository/org/apache/thrift/libthrift/0.9.2/libthrift-0.9.2.jar:/home/francis/.m2/repository/org/apache/httpcomponents/httpclient/4.2.5/httpclient-4.2.5.jar:/home/francis/.m2/repository/commons-logging/commons-logging/1.1.1/commons-logging-1.1.1.jar:/home/francis/.m2/repository/commons-codec/commons-codec/1.6/commons-codec-1.6.jar:/home/francis/.m2/repository/org/apache/httpcomponents/httpcore/4.2.4/httpcore-4.2.4.jar:/home/francis/.m2/repository/com/fasterxml/jackson/core/jackson-core/2.5.2/jackson-core-2.5.2.jar:/home/francis/.m2/repository/com/fasterxml/jackson/core/jackson-databind/2.5.2/jackson-databind-2.5.2.jar:/home/francis/.m2/repository/com/fasterxml/jackson/core/jackson-annotations/2.5.2/jackson-annotations-2.5.2.jar:/home/francis/.m2/repository/org/slf4j/slf4j-api/1.6.5/slf4j-api-1.6.5.jar:/home/francis/.m2/repository/ch/qos/logback/logback-core/1.0.4/logback-core-1.0.4.jar:/home/francis/.m2/repository/ch/qos/logback/logback-classic/1.0.4/logback-classic-1.0.4.jar:/home/francis/.m2/repository/commons-daemon/commons-daemon/1.0.15/commons-daemon-1.0.15.jar:/home/francis/.m2/repository/com/google/guava/guava/16.0.1/guava-16.0.1.jar:/home/francis/.m2/repository/cn/edu/sjtu/se/dclab/service-management/0.1/service-management-0.1.jar:/home/francis/.m2/repository/org/apache/zookeeper/zookeeper/3.4.6/zookeeper-3.4.6.jar:/home/francis/.m2/repository/org/slf4j/slf4j-log4j12/1.6.1/slf4j-log4j12-1.6.1.jar:/home/francis/.m2/repository/log4j/log4j/1.2.16/log4j-1.2.16.jar:/home/francis/.m2/repository/jline/jline/0.9.94/jline-0.9.94.jar:/home/francis/.m2/repository/io/netty/netty/3.7.0.Final/netty-3.7.0.Final.jar:/home/francis/.m2/repository/com/github/sgroschupf/zkclient/0.1/zkclient-0.1.jar
20:17:50.490 [main] INFO  org.apache.zookeeper.ZooKeeper - Client environment:java.library.path=/home/francis/softwares/idea-IC-141.1010.3/bin::/usr/java/packages/lib/amd64:/usr/lib64:/lib64:/lib:/usr/lib
20:17:50.490 [main] INFO  org.apache.zookeeper.ZooKeeper - Client environment:java.io.tmpdir=/tmp
20:17:50.490 [main] INFO  org.apache.zookeeper.ZooKeeper - Client environment:java.compiler=<NA>
20:17:50.491 [main] INFO  org.apache.zookeeper.ZooKeeper - Client environment:os.name=Linux
20:17:50.491 [main] INFO  org.apache.zookeeper.ZooKeeper - Client environment:os.arch=amd64
20:17:50.500 [main] INFO  org.apache.zookeeper.ZooKeeper - Client environment:os.version=3.16.0-30-generic
20:17:50.501 [main] INFO  org.apache.zookeeper.ZooKeeper - Client environment:user.name=francis
20:17:50.501 [main] INFO  org.apache.zookeeper.ZooKeeper - Client environment:user.home=/home/francis
20:17:50.501 [main] INFO  org.apache.zookeeper.ZooKeeper - Client environment:user.dir=/home/francis/projects/online-status-server
20:17:50.503 [main] INFO  org.apache.zookeeper.ZooKeeper - Initiating client connection, connectString=192.168.1.254:19913 sessionTimeout=30000 watcher=org.I0Itec.zkclient.ZkClient@12c7a01b
20:17:50.507 [main] DEBUG org.apache.zookeeper.ClientCnxn - zookeeper.disableAutoWatchReset is false
20:17:50.525 [main-SendThread(192.168.1.254:19913)] INFO  org.apache.zookeeper.ClientCnxn - Opening socket connection to server 192.168.1.254/192.168.1.254:19913. Will not attempt to authenticate using SASL (unknown error)
20:17:50.572 [main-SendThread(192.168.1.254:19913)] INFO  org.apache.zookeeper.ClientCnxn - Socket connection established to 192.168.1.254/192.168.1.254:19913, initiating session
20:17:50.575 [main-SendThread(192.168.1.254:19913)] DEBUG org.apache.zookeeper.ClientCnxn - Session establishment request sent on 192.168.1.254/192.168.1.254:19913
20:17:50.608 [main-SendThread(192.168.1.254:19913)] INFO  org.apache.zookeeper.ClientCnxn - Session establishment complete on server 192.168.1.254/192.168.1.254:19913, sessionid = 0x14daa937ec4004a, negotiated timeout = 30000
20:17:50.643 [main-SendThread(192.168.1.254:19913)] DEBUG org.apache.zookeeper.ClientCnxn - Reading reply sessionid:0x14daa937ec4004a, packet:: clientPath:null serverPath:null finished:false header:: 1,3  replyHeader:: 1,60130894575,-101  request:: '/online-status-server/532782febaa141fe8486fe1e6ec6af91,F  response::  
20:17:50.684 [main-SendThread(192.168.1.254:19913)] DEBUG org.apache.zookeeper.ClientCnxn - Reading reply sessionid:0x14daa937ec4004a, packet:: clientPath:null serverPath:null finished:false header:: 2,1  replyHeader:: 2,60130894576,0  request:: '/online-status-server/532782febaa141fe8486fe1e6ec6af91,,v{s{31,s{'world,'anyone}}},0  response:: '/online-status-server/532782febaa141fe8486fe1e6ec6af91 
20:18:20.300 [main-SendThread(192.168.1.254:19913)] INFO  org.apache.zookeeper.ClientCnxn - Client session timed out, have not heard from server in 29618ms for sessionid 0x14daa937ec4004a, closing socket connection and attempting reconnect
20:18:22.104 [main-SendThread(192.168.1.254:19913)] INFO  org.apache.zookeeper.ClientCnxn - Opening socket connection to server 192.168.1.254/192.168.1.254:19913. Will not attempt to authenticate using SASL (unknown error)
20:18:22.260 [main-SendThread(192.168.1.254:19913)] INFO  org.apache.zookeeper.ClientCnxn - Socket connection established to 192.168.1.254/192.168.1.254:19913, initiating session
20:18:22.260 [main-SendThread(192.168.1.254:19913)] DEBUG org.apache.zookeeper.ClientCnxn - Session establishment request sent on 192.168.1.254/192.168.1.254:19913
20:18:22.286 [main-EventThread] DEBUG org.apache.zookeeper.ZooKeeper - Close called on already closed client
20:18:22.286 [main-SendThread(192.168.1.254:19913)] INFO  org.apache.zookeeper.ClientCnxn - Unable to reconnect to ZooKeeper service, session 0x14daa937ec4004a has expired, closing socket connection
20:18:22.287 [main-EventThread] INFO  org.apache.zookeeper.ZooKeeper - Initiating client connection, connectString=192.168.1.254:19913 sessionTimeout=30000 watcher=org.I0Itec.zkclient.ZkClient@12c7a01b
20:18:22.289 [main-EventThread] INFO  org.apache.zookeeper.ClientCnxn - EventThread shut down
20:18:22.289 [main-SendThread(192.168.1.254:19913)] INFO  org.apache.zookeeper.ClientCnxn - Opening socket connection to server 192.168.1.254/192.168.1.254:19913. Will not attempt to authenticate using SASL (unknown error)
20:18:22.303 [main-SendThread(192.168.1.254:19913)] INFO  org.apache.zookeeper.ClientCnxn - Socket connection established to 192.168.1.254/192.168.1.254:19913, initiating session
20:18:22.304 [main-SendThread(192.168.1.254:19913)] DEBUG org.apache.zookeeper.ClientCnxn - Session establishment request sent on 192.168.1.254/192.168.1.254:19913
20:18:22.336 [main-SendThread(192.168.1.254:19913)] INFO  org.apache.zookeeper.ClientCnxn - Session establishment complete on server 192.168.1.254/192.168.1.254:19913, sessionid = 0x14daa937ec4004b, negotiated timeout = 30000
20:18:22.370 [main-SendThread(192.168.1.254:19913)] DEBUG org.apache.zookeeper.ClientCnxn - Reading reply sessionid:0x14daa937ec4004b, packet:: clientPath:null serverPath:null finished:false header:: 1,5  replyHeader:: 1,60130894595,0  request:: '/online-status-server/532782febaa141fe8486fe1e6ec6af91,#ffffffacffffffed05740e3132372e302e312e313a36363636,-1  response:: s{60130894576,60130894595,1433852270932,1433852302633,1,0,0,0,21,0,60130894576} 
20:18:49.751 [main-SendThread(192.168.1.254:19913)] INFO  org.apache.zookeeper.ClientCnxn - Client session timed out, have not heard from server in 27383ms for sessionid 0x14daa937ec4004b, closing socket connection and attempting reconnect
20:18:51.523 [main-SendThread(192.168.1.254:19913)] INFO  org.apache.zookeeper.ClientCnxn - Opening socket connection to server 192.168.1.254/192.168.1.254:19913. Will not attempt to authenticate using SASL (unknown error)
20:18:51.546 [main-SendThread(192.168.1.254:19913)] INFO  org.apache.zookeeper.ClientCnxn - Socket connection established to 192.168.1.254/192.168.1.254:19913, initiating session
20:18:51.546 [main-SendThread(192.168.1.254:19913)] DEBUG org.apache.zookeeper.ClientCnxn - Session establishment request sent on 192.168.1.254/192.168.1.254:19913
20:18:51.555 [main-SendThread(192.168.1.254:19913)] INFO  org.apache.zookeeper.ClientCnxn - Session establishment complete on server 192.168.1.254/192.168.1.254:19913, sessionid = 0x14daa937ec4004b, negotiated timeout = 30000
20:19:01.579 [main-SendThread(192.168.1.254:19913)] DEBUG org.apache.zookeeper.ClientCnxn - Got ping response for sessionid: 0x14daa937ec4004b after 21ms
20:19:11.590 [main-SendThread(192.168.1.254:19913)] DEBUG org.apache.zookeeper.ClientCnxn - Got ping response for sessionid: 0x14daa937ec4004b after 25ms
20:43:40.132 [main] INFO  cn.edu.sjtu.se.dclab.oss.OnlineStatusServer - Initializing online status server...
20:43:40.152 [main] INFO  cn.edu.sjtu.se.dclab.oss.OnlineStatusServer - Initializing redis client...
20:43:40.160 [main] DEBUG cn.edu.sjtu.se.dclab.oss.util.Constants - null
20:43:40.161 [main] INFO  cn.edu.sjtu.se.dclab.oss.util.Constants - Redis: 192.168.1.254:6379
20:43:40.516 [main] DEBUG io.netty.util.internal.logging.InternalLoggerFactory - Using SLF4J as the default logging framework
20:43:40.521 [main] DEBUG io.netty.util.ResourceLeakDetector - -Dio.netty.leakDetectionLevel: simple
20:43:40.530 [main] DEBUG io.netty.util.internal.PlatformDependent0 - java.nio.Buffer.address: available
20:43:40.531 [main] DEBUG io.netty.util.internal.PlatformDependent0 - sun.misc.Unsafe.theUnsafe: available
20:43:40.532 [main] DEBUG io.netty.util.internal.PlatformDependent0 - sun.misc.Unsafe.copyMemory: available
20:43:40.533 [main] DEBUG io.netty.util.internal.PlatformDependent0 - java.nio.Bits.unaligned: true
20:43:40.533 [main] DEBUG io.netty.util.internal.PlatformDependent - Java version: 8
20:43:40.534 [main] DEBUG io.netty.util.internal.PlatformDependent - -Dio.netty.noUnsafe: false
20:43:40.534 [main] DEBUG io.netty.util.internal.PlatformDependent - sun.misc.Unsafe: available
20:43:40.535 [main] DEBUG io.netty.util.internal.PlatformDependent - -Dio.netty.noJavassist: false
20:43:40.729 [main] DEBUG io.netty.util.internal.PlatformDependent - Javassist: available
20:43:40.729 [main] DEBUG io.netty.util.internal.PlatformDependent - -Dio.netty.tmpdir: /tmp (java.io.tmpdir)
20:43:40.730 [main] DEBUG io.netty.util.internal.PlatformDependent - -Dio.netty.bitMode: 64 (sun.arch.data.model)
20:43:40.730 [main] DEBUG io.netty.util.internal.PlatformDependent - -Dio.netty.noPreferDirect: false
20:43:40.746 [main] DEBUG io.netty.channel.MultithreadEventLoopGroup - -Dio.netty.eventLoopThreads: 8
20:43:40.774 [main] DEBUG io.netty.channel.nio.NioEventLoop - -Dio.netty.noKeySetOptimization: false
20:43:40.775 [main] DEBUG io.netty.channel.nio.NioEventLoop - -Dio.netty.selectorAutoRebuildThreshold: 512
20:43:40.818 [main] INFO  cn.edu.sjtu.se.dclab.oss.OnlineStatusServer - Initializing redis client completed...
20:43:40.834 [main] INFO  cn.edu.sjtu.se.dclab.oss.OnlineStatusServer - Starting server on port 6666
20:43:40.882 [main] INFO  org.apache.zookeeper.ZooKeeper - Client environment:zookeeper.version=3.4.6-1569965, built on 02/20/2014 09:09 GMT
20:43:40.882 [main] INFO  org.apache.zookeeper.ZooKeeper - Client environment:host.name=ubuntu
20:43:40.882 [main] INFO  org.apache.zookeeper.ZooKeeper - Client environment:java.version=1.8.0_45
20:43:40.883 [main] INFO  org.apache.zookeeper.ZooKeeper - Client environment:java.vendor=Oracle Corporation
20:43:40.883 [main] INFO  org.apache.zookeeper.ZooKeeper - Client environment:java.home=/home/francis/softwares/jdk1.8.0_45/jre
20:43:40.883 [main] INFO  org.apache.zookeeper.ZooKeeper - Client environment:java.class.path=/home/francis/softwares/idea-IC-141.1010.3/lib/idea_rt.jar:/home/francis/softwares/idea-IC-141.1010.3/plugins/junit/lib/junit-rt.jar:/home/francis/softwares/jdk1.8.0_45/jre/lib/management-agent.jar:/home/francis/softwares/jdk1.8.0_45/jre/lib/jce.jar:/home/francis/softwares/jdk1.8.0_45/jre/lib/charsets.jar:/home/francis/softwares/jdk1.8.0_45/jre/lib/deploy.jar:/home/francis/softwares/jdk1.8.0_45/jre/lib/jsse.jar:/home/francis/softwares/jdk1.8.0_45/jre/lib/resources.jar:/home/francis/softwares/jdk1.8.0_45/jre/lib/javaws.jar:/home/francis/softwares/jdk1.8.0_45/jre/lib/jfr.jar:/home/francis/softwares/jdk1.8.0_45/jre/lib/jfxswt.jar:/home/francis/softwares/jdk1.8.0_45/jre/lib/plugin.jar:/home/francis/softwares/jdk1.8.0_45/jre/lib/rt.jar:/home/francis/softwares/jdk1.8.0_45/jre/lib/ext/localedata.jar:/home/francis/softwares/jdk1.8.0_45/jre/lib/ext/sunec.jar:/home/francis/softwares/jdk1.8.0_45/jre/lib/ext/jfxrt.jar:/home/francis/softwares/jdk1.8.0_45/jre/lib/ext/nashorn.jar:/home/francis/softwares/jdk1.8.0_45/jre/lib/ext/zipfs.jar:/home/francis/softwares/jdk1.8.0_45/jre/lib/ext/cldrdata.jar:/home/francis/softwares/jdk1.8.0_45/jre/lib/ext/sunpkcs11.jar:/home/francis/softwares/jdk1.8.0_45/jre/lib/ext/dnsns.jar:/home/francis/softwares/jdk1.8.0_45/jre/lib/ext/sunjce_provider.jar:/home/francis/projects/online-status-server/target/test-classes:/home/francis/projects/online-status-server/target/classes:/home/francis/.m2/repository/junit/junit/4.11/junit-4.11.jar:/home/francis/.m2/repository/org/hamcrest/hamcrest-core/1.3/hamcrest-core-1.3.jar:/home/francis/.m2/repository/org/javassist/javassist/3.19.0-GA/javassist-3.19.0-GA.jar:/home/francis/.m2/repository/com/rabbitmq/amqp-client/3.5.3/amqp-client-3.5.3.jar:/home/francis/.m2/repository/org/redisson/redisson/1.2.1/redisson-1.2.1.jar:/home/francis/.m2/repository/io/netty/netty-buffer/4.0.26.Final/netty-buffer-4.0.26.Final.jar:/home/francis/.m2/repository/io/netty/netty-common/4.0.26.Final/netty-common-4.0.26.Final.jar:/home/francis/.m2/repository/io/netty/netty-transport/4.0.26.Final/netty-transport-4.0.26.Final.jar:/home/francis/.m2/repository/io/netty/netty-handler/4.0.26.Final/netty-handler-4.0.26.Final.jar:/home/francis/.m2/repository/io/netty/netty-codec-http/4.0.26.Final/netty-codec-http-4.0.26.Final.jar:/home/francis/.m2/repository/io/netty/netty-codec/4.0.26.Final/netty-codec-4.0.26.Final.jar:/home/francis/.m2/repository/org/apache/thrift/libthrift/0.9.2/libthrift-0.9.2.jar:/home/francis/.m2/repository/org/apache/httpcomponents/httpclient/4.2.5/httpclient-4.2.5.jar:/home/francis/.m2/repository/commons-logging/commons-logging/1.1.1/commons-logging-1.1.1.jar:/home/francis/.m2/repository/commons-codec/commons-codec/1.6/commons-codec-1.6.jar:/home/francis/.m2/repository/org/apache/httpcomponents/httpcore/4.2.4/httpcore-4.2.4.jar:/home/francis/.m2/repository/com/fasterxml/jackson/core/jackson-core/2.5.2/jackson-core-2.5.2.jar:/home/francis/.m2/repository/com/fasterxml/jackson/core/jackson-databind/2.5.2/jackson-databind-2.5.2.jar:/home/francis/.m2/repository/com/fasterxml/jackson/core/jackson-annotations/2.5.2/jackson-annotations-2.5.2.jar:/home/francis/.m2/repository/org/slf4j/slf4j-api/1.6.5/slf4j-api-1.6.5.jar:/home/francis/.m2/repository/ch/qos/logback/logback-core/1.0.4/logback-core-1.0.4.jar:/home/francis/.m2/repository/ch/qos/logback/logback-classic/1.0.4/logback-classic-1.0.4.jar:/home/francis/.m2/repository/commons-daemon/commons-daemon/1.0.15/commons-daemon-1.0.15.jar:/home/francis/.m2/repository/com/google/guava/guava/16.0.1/guava-16.0.1.jar:/home/francis/.m2/repository/cn/edu/sjtu/se/dclab/service-management/0.1/service-management-0.1.jar:/home/francis/.m2/repository/org/apache/zookeeper/zookeeper/3.4.6/zookeeper-3.4.6.jar:/home/francis/.m2/repository/org/slf4j/slf4j-log4j12/1.6.1/slf4j-log4j12-1.6.1.jar:/home/francis/.m2/repository/log4j/log4j/1.2.16/log4j-1.2.16.jar:/home/francis/.m2/repository/jline/jline/0.9.94/jline-0.9.94.jar:/home/francis/.m2/repository/io/netty/netty/3.7.0.Final/netty-3.7.0.Final.jar:/home/francis/.m2/repository/com/github/sgroschupf/zkclient/0.1/zkclient-0.1.jar
20:43:40.892 [main] INFO  org.apache.zookeeper.ZooKeeper - Client environment:java.library.path=/home/francis/softwares/idea-IC-141.1010.3/bin::/usr/java/packages/lib/amd64:/usr/lib64:/lib64:/lib:/usr/lib
20:43:40.892 [main] INFO  org.apache.zookeeper.ZooKeeper - Client environment:java.io.tmpdir=/tmp
20:43:40.892 [main] INFO  org.apache.zookeeper.ZooKeeper - Client environment:java.compiler=<NA>
20:43:40.893 [main] INFO  org.apache.zookeeper.ZooKeeper - Client environment:os.name=Linux
20:43:40.893 [main] INFO  org.apache.zookeeper.ZooKeeper - Client environment:os.arch=amd64
20:43:40.893 [main] INFO  org.apache.zookeeper.ZooKeeper - Client environment:os.version=3.16.0-30-generic
20:43:40.893 [main] INFO  org.apache.zookeeper.ZooKeeper - Client environment:user.name=francis
20:43:40.894 [main] INFO  org.apache.zookeeper.ZooKeeper - Client environment:user.home=/home/francis
20:43:40.894 [main] INFO  org.apache.zookeeper.ZooKeeper - Client environment:user.dir=/home/francis/projects/online-status-server
20:43:40.895 [main] INFO  org.apache.zookeeper.ZooKeeper - Initiating client connection, connectString=192.168.1.254:19913 sessionTimeout=30000 watcher=org.I0Itec.zkclient.ZkClient@7c7b252e
20:43:40.900 [main] DEBUG org.apache.zookeeper.ClientCnxn - zookeeper.disableAutoWatchReset is false
20:43:40.917 [main-SendThread(192.168.1.254:19913)] INFO  org.apache.zookeeper.ClientCnxn - Opening socket connection to server 192.168.1.254/192.168.1.254:19913. Will not attempt to authenticate using SASL (unknown error)
20:43:40.965 [main-SendThread(192.168.1.254:19913)] INFO  org.apache.zookeeper.ClientCnxn - Socket connection established to 192.168.1.254/192.168.1.254:19913, initiating session
20:43:40.968 [main-SendThread(192.168.1.254:19913)] DEBUG org.apache.zookeeper.ClientCnxn - Session establishment request sent on 192.168.1.254/192.168.1.254:19913
20:43:41.037 [main-SendThread(192.168.1.254:19913)] INFO  org.apache.zookeeper.ClientCnxn - Session establishment complete on server 192.168.1.254/192.168.1.254:19913, sessionid = 0x14daa937ec4004c, negotiated timeout = 30000
20:43:41.080 [main-SendThread(192.168.1.254:19913)] DEBUG org.apache.zookeeper.ClientCnxn - Reading reply sessionid:0x14daa937ec4004c, packet:: clientPath:null serverPath:null finished:false header:: 1,3  replyHeader:: 1,60130895399,-101  request:: '/online-status-server/5e252ff2dc374588b91862307a9e3d92,F  response::  
20:43:41.108 [main-SendThread(192.168.1.254:19913)] DEBUG org.apache.zookeeper.ClientCnxn - Reading reply sessionid:0x14daa937ec4004c, packet:: clientPath:null serverPath:null finished:false header:: 2,1  replyHeader:: 2,60130895400,0  request:: '/online-status-server/5e252ff2dc374588b91862307a9e3d92,,v{s{31,s{'world,'anyone}}},0  response:: '/online-status-server/5e252ff2dc374588b91862307a9e3d92 
20:43:41.135 [main-SendThread(192.168.1.254:19913)] DEBUG org.apache.zookeeper.ClientCnxn - Reading reply sessionid:0x14daa937ec4004c, packet:: clientPath:null serverPath:null finished:false header:: 3,5  replyHeader:: 3,60130895401,0  request:: '/online-status-server/5e252ff2dc374588b91862307a9e3d92,#ffffffacffffffed05740e3132372e302e312e313a36363636,-1  response:: s{60130895400,60130895401,1433853821385,1433853821416,1,0,0,0,21,0,60130895400} 
20:43:51.258 [main-SendThread(192.168.1.254:19913)] DEBUG org.apache.zookeeper.ClientCnxn - Got ping response for sessionid: 0x14daa937ec4004c after 128ms
20:50:12.932 [main] INFO  cn.edu.sjtu.se.dclab.oss.OnlineStatusServer - Initializing online status server...
20:50:12.937 [main] INFO  cn.edu.sjtu.se.dclab.oss.OnlineStatusServer - Initializing redis client...
20:50:12.942 [main] DEBUG cn.edu.sjtu.se.dclab.oss.util.Constants - null
20:50:12.942 [main] INFO  cn.edu.sjtu.se.dclab.oss.util.Constants - Redis: 192.168.1.254:6379
20:50:13.230 [main] DEBUG io.netty.util.internal.logging.InternalLoggerFactory - Using SLF4J as the default logging framework
20:50:13.234 [main] DEBUG io.netty.util.ResourceLeakDetector - -Dio.netty.leakDetectionLevel: simple
20:50:13.242 [main] DEBUG io.netty.util.internal.PlatformDependent0 - java.nio.Buffer.address: available
20:50:13.243 [main] DEBUG io.netty.util.internal.PlatformDependent0 - sun.misc.Unsafe.theUnsafe: available
20:50:13.243 [main] DEBUG io.netty.util.internal.PlatformDependent0 - sun.misc.Unsafe.copyMemory: available
20:50:13.244 [main] DEBUG io.netty.util.internal.PlatformDependent0 - java.nio.Bits.unaligned: true
20:50:13.245 [main] DEBUG io.netty.util.internal.PlatformDependent - Java version: 8
20:50:13.245 [main] DEBUG io.netty.util.internal.PlatformDependent - -Dio.netty.noUnsafe: false
20:50:13.245 [main] DEBUG io.netty.util.internal.PlatformDependent - sun.misc.Unsafe: available
20:50:13.246 [main] DEBUG io.netty.util.internal.PlatformDependent - -Dio.netty.noJavassist: false
20:50:13.403 [main] DEBUG io.netty.util.internal.PlatformDependent - Javassist: available
20:50:13.403 [main] DEBUG io.netty.util.internal.PlatformDependent - -Dio.netty.tmpdir: /tmp (java.io.tmpdir)
20:50:13.404 [main] DEBUG io.netty.util.internal.PlatformDependent - -Dio.netty.bitMode: 64 (sun.arch.data.model)
20:50:13.404 [main] DEBUG io.netty.util.internal.PlatformDependent - -Dio.netty.noPreferDirect: false
20:50:13.418 [main] DEBUG io.netty.channel.MultithreadEventLoopGroup - -Dio.netty.eventLoopThreads: 8
20:50:13.439 [main] DEBUG io.netty.channel.nio.NioEventLoop - -Dio.netty.noKeySetOptimization: false
20:50:13.440 [main] DEBUG io.netty.channel.nio.NioEventLoop - -Dio.netty.selectorAutoRebuildThreshold: 512
20:50:13.468 [main] INFO  cn.edu.sjtu.se.dclab.oss.OnlineStatusServer - Initializing redis client completed...
20:50:13.500 [main] INFO  cn.edu.sjtu.se.dclab.oss.OnlineStatusServer - Starting server on port 6666
20:50:13.584 [main] INFO  org.apache.zookeeper.ZooKeeper - Client environment:zookeeper.version=3.4.6-1569965, built on 02/20/2014 09:09 GMT
20:50:13.585 [main] INFO  org.apache.zookeeper.ZooKeeper - Client environment:host.name=ubuntu
20:50:13.586 [main] INFO  org.apache.zookeeper.ZooKeeper - Client environment:java.version=1.8.0_45
20:50:13.586 [main] INFO  org.apache.zookeeper.ZooKeeper - Client environment:java.vendor=Oracle Corporation
20:50:13.587 [main] INFO  org.apache.zookeeper.ZooKeeper - Client environment:java.home=/home/francis/softwares/jdk1.8.0_45/jre
20:50:13.589 [main] INFO  org.apache.zookeeper.ZooKeeper - Client environment:java.class.path=/home/francis/softwares/idea-IC-141.1010.3/lib/idea_rt.jar:/home/francis/softwares/idea-IC-141.1010.3/plugins/junit/lib/junit-rt.jar:/home/francis/softwares/jdk1.8.0_45/jre/lib/management-agent.jar:/home/francis/softwares/jdk1.8.0_45/jre/lib/jce.jar:/home/francis/softwares/jdk1.8.0_45/jre/lib/charsets.jar:/home/francis/softwares/jdk1.8.0_45/jre/lib/deploy.jar:/home/francis/softwares/jdk1.8.0_45/jre/lib/jsse.jar:/home/francis/softwares/jdk1.8.0_45/jre/lib/resources.jar:/home/francis/softwares/jdk1.8.0_45/jre/lib/javaws.jar:/home/francis/softwares/jdk1.8.0_45/jre/lib/jfr.jar:/home/francis/softwares/jdk1.8.0_45/jre/lib/jfxswt.jar:/home/francis/softwares/jdk1.8.0_45/jre/lib/plugin.jar:/home/francis/softwares/jdk1.8.0_45/jre/lib/rt.jar:/home/francis/softwares/jdk1.8.0_45/jre/lib/ext/localedata.jar:/home/francis/softwares/jdk1.8.0_45/jre/lib/ext/sunec.jar:/home/francis/softwares/jdk1.8.0_45/jre/lib/ext/jfxrt.jar:/home/francis/softwares/jdk1.8.0_45/jre/lib/ext/nashorn.jar:/home/francis/softwares/jdk1.8.0_45/jre/lib/ext/zipfs.jar:/home/francis/softwares/jdk1.8.0_45/jre/lib/ext/cldrdata.jar:/home/francis/softwares/jdk1.8.0_45/jre/lib/ext/sunpkcs11.jar:/home/francis/softwares/jdk1.8.0_45/jre/lib/ext/dnsns.jar:/home/francis/softwares/jdk1.8.0_45/jre/lib/ext/sunjce_provider.jar:/home/francis/projects/online-status-server/target/test-classes:/home/francis/projects/online-status-server/target/classes:/home/francis/.m2/repository/junit/junit/4.11/junit-4.11.jar:/home/francis/.m2/repository/org/hamcrest/hamcrest-core/1.3/hamcrest-core-1.3.jar:/home/francis/.m2/repository/org/javassist/javassist/3.19.0-GA/javassist-3.19.0-GA.jar:/home/francis/.m2/repository/com/rabbitmq/amqp-client/3.5.3/amqp-client-3.5.3.jar:/home/francis/.m2/repository/org/redisson/redisson/1.2.1/redisson-1.2.1.jar:/home/francis/.m2/repository/io/netty/netty-buffer/4.0.26.Final/netty-buffer-4.0.26.Final.jar:/home/francis/.m2/repository/io/netty/netty-common/4.0.26.Final/netty-common-4.0.26.Final.jar:/home/francis/.m2/repository/io/netty/netty-transport/4.0.26.Final/netty-transport-4.0.26.Final.jar:/home/francis/.m2/repository/io/netty/netty-handler/4.0.26.Final/netty-handler-4.0.26.Final.jar:/home/francis/.m2/repository/io/netty/netty-codec-http/4.0.26.Final/netty-codec-http-4.0.26.Final.jar:/home/francis/.m2/repository/io/netty/netty-codec/4.0.26.Final/netty-codec-4.0.26.Final.jar:/home/francis/.m2/repository/org/apache/thrift/libthrift/0.9.2/libthrift-0.9.2.jar:/home/francis/.m2/repository/org/apache/httpcomponents/httpclient/4.2.5/httpclient-4.2.5.jar:/home/francis/.m2/repository/commons-logging/commons-logging/1.1.1/commons-logging-1.1.1.jar:/home/francis/.m2/repository/commons-codec/commons-codec/1.6/commons-codec-1.6.jar:/home/francis/.m2/repository/org/apache/httpcomponents/httpcore/4.2.4/httpcore-4.2.4.jar:/home/francis/.m2/repository/com/fasterxml/jackson/core/jackson-core/2.5.2/jackson-core-2.5.2.jar:/home/francis/.m2/repository/com/fasterxml/jackson/core/jackson-databind/2.5.2/jackson-databind-2.5.2.jar:/home/francis/.m2/repository/com/fasterxml/jackson/core/jackson-annotations/2.5.2/jackson-annotations-2.5.2.jar:/home/francis/.m2/repository/org/slf4j/slf4j-api/1.6.5/slf4j-api-1.6.5.jar:/home/francis/.m2/repository/ch/qos/logback/logback-core/1.0.4/logback-core-1.0.4.jar:/home/francis/.m2/repository/ch/qos/logback/logback-classic/1.0.4/logback-classic-1.0.4.jar:/home/francis/.m2/repository/commons-daemon/commons-daemon/1.0.15/commons-daemon-1.0.15.jar:/home/francis/.m2/repository/com/google/guava/guava/16.0.1/guava-16.0.1.jar:/home/francis/.m2/repository/cn/edu/sjtu/se/dclab/service-management/0.1/service-management-0.1.jar:/home/francis/.m2/repository/org/apache/zookeeper/zookeeper/3.4.6/zookeeper-3.4.6.jar:/home/francis/.m2/repository/org/slf4j/slf4j-log4j12/1.6.1/slf4j-log4j12-1.6.1.jar:/home/francis/.m2/repository/log4j/log4j/1.2.16/log4j-1.2.16.jar:/home/francis/.m2/repository/jline/jline/0.9.94/jline-0.9.94.jar:/home/francis/.m2/repository/io/netty/netty/3.7.0.Final/netty-3.7.0.Final.jar:/home/francis/.m2/repository/com/github/sgroschupf/zkclient/0.1/zkclient-0.1.jar
20:50:13.596 [main] INFO  org.apache.zookeeper.ZooKeeper - Client environment:java.library.path=/home/francis/softwares/idea-IC-141.1010.3/bin::/usr/java/packages/lib/amd64:/usr/lib64:/lib64:/lib:/usr/lib
20:50:13.596 [main] INFO  org.apache.zookeeper.ZooKeeper - Client environment:java.io.tmpdir=/tmp
20:50:13.597 [main] INFO  org.apache.zookeeper.ZooKeeper - Client environment:java.compiler=<NA>
20:50:13.598 [main] INFO  org.apache.zookeeper.ZooKeeper - Client environment:os.name=Linux
20:50:13.598 [main] INFO  org.apache.zookeeper.ZooKeeper - Client environment:os.arch=amd64
20:50:13.599 [main] INFO  org.apache.zookeeper.ZooKeeper - Client environment:os.version=3.16.0-30-generic
20:50:13.599 [main] INFO  org.apache.zookeeper.ZooKeeper - Client environment:user.name=francis
20:50:13.600 [main] INFO  org.apache.zookeeper.ZooKeeper - Client environment:user.home=/home/francis
20:50:13.601 [main] INFO  org.apache.zookeeper.ZooKeeper - Client environment:user.dir=/home/francis/projects/online-status-server
20:50:13.607 [main] INFO  org.apache.zookeeper.ZooKeeper - Initiating client connection, connectString=192.168.1.254:19913 sessionTimeout=30000 watcher=org.I0Itec.zkclient.ZkClient@7c7b252e
20:50:13.612 [main] DEBUG org.apache.zookeeper.ClientCnxn - zookeeper.disableAutoWatchReset is false
20:50:13.636 [main-SendThread(192.168.1.254:19913)] INFO  org.apache.zookeeper.ClientCnxn - Opening socket connection to server 192.168.1.254/192.168.1.254:19913. Will not attempt to authenticate using SASL (unknown error)
20:50:13.777 [main-SendThread(192.168.1.254:19913)] INFO  org.apache.zookeeper.ClientCnxn - Socket connection established to 192.168.1.254/192.168.1.254:19913, initiating session
20:50:13.780 [main-SendThread(192.168.1.254:19913)] DEBUG org.apache.zookeeper.ClientCnxn - Session establishment request sent on 192.168.1.254/192.168.1.254:19913
20:50:13.814 [main-SendThread(192.168.1.254:19913)] INFO  org.apache.zookeeper.ClientCnxn - Session establishment complete on server 192.168.1.254/192.168.1.254:19913, sessionid = 0x14dd85e1ad90001, negotiated timeout = 30000
20:50:13.849 [main-SendThread(192.168.1.254:19913)] DEBUG org.apache.zookeeper.ClientCnxn - Reading reply sessionid:0x14dd85e1ad90001, packet:: clientPath:null serverPath:null finished:false header:: 1,3  replyHeader:: 1,60130895447,-101  request:: '/online-status-server/466b6b483ba245e2b677af62f7d244bf,F  response::  
20:50:13.871 [main-SendThread(192.168.1.254:19913)] DEBUG org.apache.zookeeper.ClientCnxn - Reading reply sessionid:0x14dd85e1ad90001, packet:: clientPath:null serverPath:null finished:false header:: 2,1  replyHeader:: 2,60130895448,0  request:: '/online-status-server/466b6b483ba245e2b677af62f7d244bf,,v{s{31,s{'world,'anyone}}},0  response:: '/online-status-server/466b6b483ba245e2b677af62f7d244bf 
20:50:13.898 [main-SendThread(192.168.1.254:19913)] DEBUG org.apache.zookeeper.ClientCnxn - Reading reply sessionid:0x14dd85e1ad90001, packet:: clientPath:null serverPath:null finished:false header:: 3,5  replyHeader:: 3,60130895449,0  request:: '/online-status-server/466b6b483ba245e2b677af62f7d244bf,#ffffffacffffffed05740e3132372e302e312e313a36363636,-1  response:: s{60130895448,60130895449,1433854214161,1433854214185,1,0,0,0,21,0,60130895448} 
20:50:23.919 [main-SendThread(192.168.1.254:19913)] DEBUG org.apache.zookeeper.ClientCnxn - Got ping response for sessionid: 0x14dd85e1ad90001 after 20ms
20:50:33.923 [main-SendThread(192.168.1.254:19913)] DEBUG org.apache.zookeeper.ClientCnxn - Got ping response for sessionid: 0x14dd85e1ad90001 after 13ms
20:50:43.963 [main-SendThread(192.168.1.254:19913)] DEBUG org.apache.zookeeper.ClientCnxn - Got ping response for sessionid: 0x14dd85e1ad90001 after 43ms
20:50:54.052 [main-SendThread(192.168.1.254:19913)] DEBUG org.apache.zookeeper.ClientCnxn - Got ping response for sessionid: 0x14dd85e1ad90001 after 121ms
20:51:03.946 [main-SendThread(192.168.1.254:19913)] DEBUG org.apache.zookeeper.ClientCnxn - Got ping response for sessionid: 0x14dd85e1ad90001 after 5ms
20:51:13.970 [main-SendThread(192.168.1.254:19913)] DEBUG org.apache.zookeeper.ClientCnxn - Got ping response for sessionid: 0x14dd85e1ad90001 after 20ms
20:51:24.092 [main-SendThread(192.168.1.254:19913)] DEBUG org.apache.zookeeper.ClientCnxn - Got ping response for sessionid: 0x14dd85e1ad90001 after 140ms
20:51:34.052 [main-SendThread(192.168.1.254:19913)] DEBUG org.apache.zookeeper.ClientCnxn - Got ping response for sessionid: 0x14dd85e1ad90001 after 98ms
20:51:43.981 [main-SendThread(192.168.1.254:19913)] DEBUG org.apache.zookeeper.ClientCnxn - Got ping response for sessionid: 0x14dd85e1ad90001 after 25ms
20:51:54.079 [main-SendThread(192.168.1.254:19913)] DEBUG org.apache.zookeeper.ClientCnxn - Got ping response for sessionid: 0x14dd85e1ad90001 after 115ms
20:52:05.207 [main-SendThread(192.168.1.254:19913)] DEBUG org.apache.zookeeper.ClientCnxn - Got ping response for sessionid: 0x14dd85e1ad90001 after 1234ms
20:52:12.994 [main-SendThread(192.168.1.254:19913)] DEBUG org.apache.zookeeper.ClientCnxn - Got ping response for sessionid: 0x14dd85e1ad90001 after 16ms
20:52:23.012 [main-SendThread(192.168.1.254:19913)] DEBUG org.apache.zookeeper.ClientCnxn - Got ping response for sessionid: 0x14dd85e1ad90001 after 26ms
20:52:33.096 [main-SendThread(192.168.1.254:19913)] DEBUG org.apache.zookeeper.ClientCnxn - Got ping response for sessionid: 0x14dd85e1ad90001 after 108ms
20:52:43.029 [main-SendThread(192.168.1.254:19913)] DEBUG org.apache.zookeeper.ClientCnxn - Got ping response for sessionid: 0x14dd85e1ad90001 after 36ms
20:52:53.022 [main-SendThread(192.168.1.254:19913)] DEBUG org.apache.zookeeper.ClientCnxn - Got ping response for sessionid: 0x14dd85e1ad90001 after 18ms
20:53:03.018 [main-SendThread(192.168.1.254:19913)] DEBUG org.apache.zookeeper.ClientCnxn - Got ping response for sessionid: 0x14dd85e1ad90001 after 11ms
20:53:07.475 [main] INFO  cn.edu.sjtu.se.dclab.oss.OnlineStatusServer - Initializing online status server...
20:53:07.506 [main] INFO  cn.edu.sjtu.se.dclab.oss.OnlineStatusServer - Initializing redis client...
20:53:07.532 [main] DEBUG cn.edu.sjtu.se.dclab.oss.util.Constants - null
20:53:07.537 [main] INFO  cn.edu.sjtu.se.dclab.oss.util.Constants - Redis: 192.168.1.254:6379
20:53:08.023 [main] DEBUG io.netty.util.internal.logging.InternalLoggerFactory - Using SLF4J as the default logging framework
20:53:08.028 [main] DEBUG io.netty.util.ResourceLeakDetector - -Dio.netty.leakDetectionLevel: simple
20:53:08.041 [main] DEBUG io.netty.util.internal.PlatformDependent0 - java.nio.Buffer.address: available
20:53:08.042 [main] DEBUG io.netty.util.internal.PlatformDependent0 - sun.misc.Unsafe.theUnsafe: available
20:53:08.043 [main] DEBUG io.netty.util.internal.PlatformDependent0 - sun.misc.Unsafe.copyMemory: available
20:53:08.045 [main] DEBUG io.netty.util.internal.PlatformDependent0 - java.nio.Bits.unaligned: true
20:53:08.047 [main] DEBUG io.netty.util.internal.PlatformDependent - Java version: 8
20:53:08.047 [main] DEBUG io.netty.util.internal.PlatformDependent - -Dio.netty.noUnsafe: false
20:53:08.048 [main] DEBUG io.netty.util.internal.PlatformDependent - sun.misc.Unsafe: available
20:53:08.049 [main] DEBUG io.netty.util.internal.PlatformDependent - -Dio.netty.noJavassist: false
20:53:08.291 [main] DEBUG io.netty.util.internal.PlatformDependent - Javassist: available
20:53:08.292 [main] DEBUG io.netty.util.internal.PlatformDependent - -Dio.netty.tmpdir: /tmp (java.io.tmpdir)
20:53:08.292 [main] DEBUG io.netty.util.internal.PlatformDependent - -Dio.netty.bitMode: 64 (sun.arch.data.model)
20:53:08.293 [main] DEBUG io.netty.util.internal.PlatformDependent - -Dio.netty.noPreferDirect: false
20:53:08.326 [main] DEBUG io.netty.channel.MultithreadEventLoopGroup - -Dio.netty.eventLoopThreads: 8
20:53:08.363 [main] DEBUG io.netty.channel.nio.NioEventLoop - -Dio.netty.noKeySetOptimization: false
20:53:08.364 [main] DEBUG io.netty.channel.nio.NioEventLoop - -Dio.netty.selectorAutoRebuildThreshold: 512
20:53:08.393 [main] INFO  cn.edu.sjtu.se.dclab.oss.OnlineStatusServer - Initializing redis client completed...
20:53:08.414 [main] INFO  cn.edu.sjtu.se.dclab.oss.OnlineStatusServer - Starting server on port 6666
20:53:08.486 [main] INFO  org.apache.zookeeper.ZooKeeper - Client environment:zookeeper.version=3.4.6-1569965, built on 02/20/2014 09:09 GMT
20:53:08.487 [main] INFO  org.apache.zookeeper.ZooKeeper - Client environment:host.name=ubuntu
20:53:08.488 [main] INFO  org.apache.zookeeper.ZooKeeper - Client environment:java.version=1.8.0_45
20:53:08.488 [main] INFO  org.apache.zookeeper.ZooKeeper - Client environment:java.vendor=Oracle Corporation
20:53:08.488 [main] INFO  org.apache.zookeeper.ZooKeeper - Client environment:java.home=/home/francis/softwares/jdk1.8.0_45/jre
20:53:08.489 [main] INFO  org.apache.zookeeper.ZooKeeper - Client environment:java.class.path=/home/francis/softwares/idea-IC-141.1010.3/lib/idea_rt.jar:/home/francis/softwares/idea-IC-141.1010.3/plugins/junit/lib/junit-rt.jar:/home/francis/softwares/jdk1.8.0_45/jre/lib/management-agent.jar:/home/francis/softwares/jdk1.8.0_45/jre/lib/jce.jar:/home/francis/softwares/jdk1.8.0_45/jre/lib/charsets.jar:/home/francis/softwares/jdk1.8.0_45/jre/lib/deploy.jar:/home/francis/softwares/jdk1.8.0_45/jre/lib/jsse.jar:/home/francis/softwares/jdk1.8.0_45/jre/lib/resources.jar:/home/francis/softwares/jdk1.8.0_45/jre/lib/javaws.jar:/home/francis/softwares/jdk1.8.0_45/jre/lib/jfr.jar:/home/francis/softwares/jdk1.8.0_45/jre/lib/jfxswt.jar:/home/francis/softwares/jdk1.8.0_45/jre/lib/plugin.jar:/home/francis/softwares/jdk1.8.0_45/jre/lib/rt.jar:/home/francis/softwares/jdk1.8.0_45/jre/lib/ext/localedata.jar:/home/francis/softwares/jdk1.8.0_45/jre/lib/ext/sunec.jar:/home/francis/softwares/jdk1.8.0_45/jre/lib/ext/jfxrt.jar:/home/francis/softwares/jdk1.8.0_45/jre/lib/ext/nashorn.jar:/home/francis/softwares/jdk1.8.0_45/jre/lib/ext/zipfs.jar:/home/francis/softwares/jdk1.8.0_45/jre/lib/ext/cldrdata.jar:/home/francis/softwares/jdk1.8.0_45/jre/lib/ext/sunpkcs11.jar:/home/francis/softwares/jdk1.8.0_45/jre/lib/ext/dnsns.jar:/home/francis/softwares/jdk1.8.0_45/jre/lib/ext/sunjce_provider.jar:/home/francis/projects/online-status-server/target/test-classes:/home/francis/projects/online-status-server/target/classes:/home/francis/.m2/repository/junit/junit/4.11/junit-4.11.jar:/home/francis/.m2/repository/org/hamcrest/hamcrest-core/1.3/hamcrest-core-1.3.jar:/home/francis/.m2/repository/org/javassist/javassist/3.19.0-GA/javassist-3.19.0-GA.jar:/home/francis/.m2/repository/com/rabbitmq/amqp-client/3.5.3/amqp-client-3.5.3.jar:/home/francis/.m2/repository/org/redisson/redisson/1.2.1/redisson-1.2.1.jar:/home/francis/.m2/repository/io/netty/netty-buffer/4.0.26.Final/netty-buffer-4.0.26.Final.jar:/home/francis/.m2/repository/io/netty/netty-common/4.0.26.Final/netty-common-4.0.26.Final.jar:/home/francis/.m2/repository/io/netty/netty-transport/4.0.26.Final/netty-transport-4.0.26.Final.jar:/home/francis/.m2/repository/io/netty/netty-handler/4.0.26.Final/netty-handler-4.0.26.Final.jar:/home/francis/.m2/repository/io/netty/netty-codec-http/4.0.26.Final/netty-codec-http-4.0.26.Final.jar:/home/francis/.m2/repository/io/netty/netty-codec/4.0.26.Final/netty-codec-4.0.26.Final.jar:/home/francis/.m2/repository/org/apache/thrift/libthrift/0.9.2/libthrift-0.9.2.jar:/home/francis/.m2/repository/org/apache/httpcomponents/httpclient/4.2.5/httpclient-4.2.5.jar:/home/francis/.m2/repository/commons-logging/commons-logging/1.1.1/commons-logging-1.1.1.jar:/home/francis/.m2/repository/commons-codec/commons-codec/1.6/commons-codec-1.6.jar:/home/francis/.m2/repository/org/apache/httpcomponents/httpcore/4.2.4/httpcore-4.2.4.jar:/home/francis/.m2/repository/com/fasterxml/jackson/core/jackson-core/2.5.2/jackson-core-2.5.2.jar:/home/francis/.m2/repository/com/fasterxml/jackson/core/jackson-databind/2.5.2/jackson-databind-2.5.2.jar:/home/francis/.m2/repository/com/fasterxml/jackson/core/jackson-annotations/2.5.2/jackson-annotations-2.5.2.jar:/home/francis/.m2/repository/org/slf4j/slf4j-api/1.6.5/slf4j-api-1.6.5.jar:/home/francis/.m2/repository/ch/qos/logback/logback-core/1.0.4/logback-core-1.0.4.jar:/home/francis/.m2/repository/ch/qos/logback/logback-classic/1.0.4/logback-classic-1.0.4.jar:/home/francis/.m2/repository/commons-daemon/commons-daemon/1.0.15/commons-daemon-1.0.15.jar:/home/francis/.m2/repository/com/google/guava/guava/16.0.1/guava-16.0.1.jar:/home/francis/.m2/repository/cn/edu/sjtu/se/dclab/service-management/0.1/service-management-0.1.jar:/home/francis/.m2/repository/org/apache/zookeeper/zookeeper/3.4.6/zookeeper-3.4.6.jar:/home/francis/.m2/repository/org/slf4j/slf4j-log4j12/1.6.1/slf4j-log4j12-1.6.1.jar:/home/francis/.m2/repository/log4j/log4j/1.2.16/log4j-1.2.16.jar:/home/francis/.m2/repository/jline/jline/0.9.94/jline-0.9.94.jar:/home/francis/.m2/repository/io/netty/netty/3.7.0.Final/netty-3.7.0.Final.jar:/home/francis/.m2/repository/com/github/sgroschupf/zkclient/0.1/zkclient-0.1.jar
20:53:08.497 [main] INFO  org.apache.zookeeper.ZooKeeper - Client environment:java.library.path=/home/francis/softwares/idea-IC-141.1010.3/bin::/usr/java/packages/lib/amd64:/usr/lib64:/lib64:/lib:/usr/lib
20:53:08.498 [main] INFO  org.apache.zookeeper.ZooKeeper - Client environment:java.io.tmpdir=/tmp
20:53:08.498 [main] INFO  org.apache.zookeeper.ZooKeeper - Client environment:java.compiler=<NA>
20:53:08.499 [main] INFO  org.apache.zookeeper.ZooKeeper - Client environment:os.name=Linux
20:53:08.500 [main] INFO  org.apache.zookeeper.ZooKeeper - Client environment:os.arch=amd64
20:53:08.500 [main] INFO  org.apache.zookeeper.ZooKeeper - Client environment:os.version=3.16.0-30-generic
20:53:08.501 [main] INFO  org.apache.zookeeper.ZooKeeper - Client environment:user.name=francis
20:53:08.502 [main] INFO  org.apache.zookeeper.ZooKeeper - Client environment:user.home=/home/francis
20:53:08.502 [main] INFO  org.apache.zookeeper.ZooKeeper - Client environment:user.dir=/home/francis/projects/online-status-server
20:53:08.505 [main] INFO  org.apache.zookeeper.ZooKeeper - Initiating client connection, connectString=192.168.1.254:19913 sessionTimeout=30000 watcher=org.I0Itec.zkclient.ZkClient@13d9b21f
20:53:08.512 [main] DEBUG org.apache.zookeeper.ClientCnxn - zookeeper.disableAutoWatchReset is false
20:53:08.560 [main-SendThread(192.168.1.254:19913)] INFO  org.apache.zookeeper.ClientCnxn - Opening socket connection to server 192.168.1.254/192.168.1.254:19913. Will not attempt to authenticate using SASL (unknown error)
20:53:08.651 [main-SendThread(192.168.1.254:19913)] INFO  org.apache.zookeeper.ClientCnxn - Socket connection established to 192.168.1.254/192.168.1.254:19913, initiating session
20:53:08.655 [main-SendThread(192.168.1.254:19913)] DEBUG org.apache.zookeeper.ClientCnxn - Session establishment request sent on 192.168.1.254/192.168.1.254:19913
20:53:08.693 [main-SendThread(192.168.1.254:19913)] INFO  org.apache.zookeeper.ClientCnxn - Session establishment complete on server 192.168.1.254/192.168.1.254:19913, sessionid = 0x14dd85e1ad90002, negotiated timeout = 30000
20:53:57.207 [main-SendThread(192.168.1.254:19913)] INFO  org.apache.zookeeper.ClientCnxn - Client session timed out, have not heard from server in 48515ms for sessionid 0x14dd85e1ad90002, closing socket connection and attempting reconnect
20:54:00.224 [main] INFO  cn.edu.sjtu.se.dclab.oss.OnlineStatusServer - Initializing online status server...
20:54:00.230 [main] INFO  cn.edu.sjtu.se.dclab.oss.OnlineStatusServer - Initializing redis client...
20:54:00.234 [main] DEBUG cn.edu.sjtu.se.dclab.oss.util.Constants - null
20:54:00.235 [main] INFO  cn.edu.sjtu.se.dclab.oss.util.Constants - Redis: 192.168.1.254:6379
20:54:00.673 [main] DEBUG io.netty.util.internal.logging.InternalLoggerFactory - Using SLF4J as the default logging framework
20:54:00.688 [main] DEBUG io.netty.util.ResourceLeakDetector - -Dio.netty.leakDetectionLevel: simple
20:54:00.700 [main] DEBUG io.netty.util.internal.PlatformDependent0 - java.nio.Buffer.address: available
20:54:00.701 [main] DEBUG io.netty.util.internal.PlatformDependent0 - sun.misc.Unsafe.theUnsafe: available
20:54:00.702 [main] DEBUG io.netty.util.internal.PlatformDependent0 - sun.misc.Unsafe.copyMemory: available
20:54:00.704 [main] DEBUG io.netty.util.internal.PlatformDependent0 - java.nio.Bits.unaligned: true
20:54:00.705 [main] DEBUG io.netty.util.internal.PlatformDependent - Java version: 8
20:54:00.706 [main] DEBUG io.netty.util.internal.PlatformDependent - -Dio.netty.noUnsafe: false
20:54:00.706 [main] DEBUG io.netty.util.internal.PlatformDependent - sun.misc.Unsafe: available
20:54:00.707 [main] DEBUG io.netty.util.internal.PlatformDependent - -Dio.netty.noJavassist: false
20:54:00.901 [main] DEBUG io.netty.util.internal.PlatformDependent - Javassist: available
20:54:00.901 [main] DEBUG io.netty.util.internal.PlatformDependent - -Dio.netty.tmpdir: /tmp (java.io.tmpdir)
20:54:00.902 [main] DEBUG io.netty.util.internal.PlatformDependent - -Dio.netty.bitMode: 64 (sun.arch.data.model)
20:54:00.902 [main] DEBUG io.netty.util.internal.PlatformDependent - -Dio.netty.noPreferDirect: false
20:54:00.925 [main] DEBUG io.netty.channel.MultithreadEventLoopGroup - -Dio.netty.eventLoopThreads: 8
20:54:00.962 [main] DEBUG io.netty.channel.nio.NioEventLoop - -Dio.netty.noKeySetOptimization: false
20:54:00.963 [main] DEBUG io.netty.channel.nio.NioEventLoop - -Dio.netty.selectorAutoRebuildThreshold: 512
20:54:01.002 [main] INFO  cn.edu.sjtu.se.dclab.oss.OnlineStatusServer - Initializing redis client completed...
20:54:01.042 [main] INFO  cn.edu.sjtu.se.dclab.oss.OnlineStatusServer - Starting server on port 6666
20:54:01.053 [main] INFO  cn.edu.sjtu.se.dclab.oss.OnlineStatusServer - ubuntu: ubuntu: unknown error
20:54:01.053 [main] INFO  cn.edu.sjtu.se.dclab.oss.OnlineStatusServer - Initializing online status completed...
20:54:09.989 [main] INFO  cn.edu.sjtu.se.dclab.oss.OnlineStatusServer - Initializing online status server...
20:54:10.007 [main] INFO  cn.edu.sjtu.se.dclab.oss.OnlineStatusServer - Initializing redis client...
20:54:10.013 [main] DEBUG cn.edu.sjtu.se.dclab.oss.util.Constants - null
20:54:10.013 [main] INFO  cn.edu.sjtu.se.dclab.oss.util.Constants - Redis: 192.168.1.254:6379
20:54:10.547 [main] DEBUG io.netty.util.internal.logging.InternalLoggerFactory - Using SLF4J as the default logging framework
20:54:10.552 [main] DEBUG io.netty.util.ResourceLeakDetector - -Dio.netty.leakDetectionLevel: simple
20:54:10.572 [main] DEBUG io.netty.util.internal.PlatformDependent0 - java.nio.Buffer.address: available
20:54:10.576 [main] DEBUG io.netty.util.internal.PlatformDependent0 - sun.misc.Unsafe.theUnsafe: available
20:54:10.577 [main] DEBUG io.netty.util.internal.PlatformDependent0 - sun.misc.Unsafe.copyMemory: available
20:54:10.578 [main] DEBUG io.netty.util.internal.PlatformDependent0 - java.nio.Bits.unaligned: true
20:54:10.579 [main] DEBUG io.netty.util.internal.PlatformDependent - Java version: 8
20:54:10.579 [main] DEBUG io.netty.util.internal.PlatformDependent - -Dio.netty.noUnsafe: false
20:54:10.580 [main] DEBUG io.netty.util.internal.PlatformDependent - sun.misc.Unsafe: available
20:54:10.580 [main] DEBUG io.netty.util.internal.PlatformDependent - -Dio.netty.noJavassist: false
20:54:10.800 [main] DEBUG io.netty.util.internal.PlatformDependent - Javassist: available
20:54:10.802 [main] DEBUG io.netty.util.internal.PlatformDependent - -Dio.netty.tmpdir: /tmp (java.io.tmpdir)
20:54:10.803 [main] DEBUG io.netty.util.internal.PlatformDependent - -Dio.netty.bitMode: 64 (sun.arch.data.model)
20:54:10.803 [main] DEBUG io.netty.util.internal.PlatformDependent - -Dio.netty.noPreferDirect: false
20:54:10.847 [main] DEBUG io.netty.channel.MultithreadEventLoopGroup - -Dio.netty.eventLoopThreads: 8
20:54:10.894 [main] DEBUG io.netty.channel.nio.NioEventLoop - -Dio.netty.noKeySetOptimization: false
20:54:10.895 [main] DEBUG io.netty.channel.nio.NioEventLoop - -Dio.netty.selectorAutoRebuildThreshold: 512
20:54:10.934 [main] INFO  cn.edu.sjtu.se.dclab.oss.OnlineStatusServer - Initializing redis client completed...
20:54:10.967 [main] INFO  cn.edu.sjtu.se.dclab.oss.OnlineStatusServer - Starting server on port 6666
20:54:10.975 [main] INFO  cn.edu.sjtu.se.dclab.oss.OnlineStatusServer - ubuntu: ubuntu: unknown error
20:54:10.976 [main] INFO  cn.edu.sjtu.se.dclab.oss.OnlineStatusServer - Initializing online status completed...
20:54:24.493 [main] INFO  cn.edu.sjtu.se.dclab.oss.OnlineStatusServer - Initializing online status server...
20:54:24.498 [main] INFO  cn.edu.sjtu.se.dclab.oss.OnlineStatusServer - Initializing redis client...
20:54:24.507 [main] DEBUG cn.edu.sjtu.se.dclab.oss.util.Constants - null
20:54:24.509 [main] INFO  cn.edu.sjtu.se.dclab.oss.util.Constants - Redis: 192.168.1.254:6379
20:54:24.816 [main] DEBUG io.netty.util.internal.logging.InternalLoggerFactory - Using SLF4J as the default logging framework
20:54:24.829 [main] DEBUG io.netty.util.ResourceLeakDetector - -Dio.netty.leakDetectionLevel: simple
20:54:24.861 [main] DEBUG io.netty.util.internal.PlatformDependent0 - java.nio.Buffer.address: available
20:54:24.862 [main] DEBUG io.netty.util.internal.PlatformDependent0 - sun.misc.Unsafe.theUnsafe: available
20:54:24.866 [main] DEBUG io.netty.util.internal.PlatformDependent0 - sun.misc.Unsafe.copyMemory: available
20:54:24.869 [main] DEBUG io.netty.util.internal.PlatformDependent0 - java.nio.Bits.unaligned: true
20:54:24.873 [main] DEBUG io.netty.util.internal.PlatformDependent - Java version: 8
20:54:24.875 [main] DEBUG io.netty.util.internal.PlatformDependent - -Dio.netty.noUnsafe: false
20:54:24.877 [main] DEBUG io.netty.util.internal.PlatformDependent - sun.misc.Unsafe: available
20:54:24.881 [main] DEBUG io.netty.util.internal.PlatformDependent - -Dio.netty.noJavassist: false
20:54:25.068 [main] DEBUG io.netty.util.internal.PlatformDependent - Javassist: available
20:54:25.069 [main] DEBUG io.netty.util.internal.PlatformDependent - -Dio.netty.tmpdir: /tmp (java.io.tmpdir)
20:54:25.070 [main] DEBUG io.netty.util.internal.PlatformDependent - -Dio.netty.bitMode: 64 (sun.arch.data.model)
20:54:25.072 [main] DEBUG io.netty.util.internal.PlatformDependent - -Dio.netty.noPreferDirect: false
20:54:25.093 [main] DEBUG io.netty.channel.MultithreadEventLoopGroup - -Dio.netty.eventLoopThreads: 8
20:54:25.116 [main] DEBUG io.netty.channel.nio.NioEventLoop - -Dio.netty.noKeySetOptimization: false
20:54:25.116 [main] DEBUG io.netty.channel.nio.NioEventLoop - -Dio.netty.selectorAutoRebuildThreshold: 512
20:54:25.159 [main] INFO  cn.edu.sjtu.se.dclab.oss.OnlineStatusServer - Initializing redis client completed...
20:54:29.594 [main] INFO  cn.edu.sjtu.se.dclab.oss.OnlineStatusServer - Initializing online status server...
20:54:29.601 [main] INFO  cn.edu.sjtu.se.dclab.oss.OnlineStatusServer - Initializing redis client...
20:54:29.608 [main] DEBUG cn.edu.sjtu.se.dclab.oss.util.Constants - null
20:54:29.609 [main] INFO  cn.edu.sjtu.se.dclab.oss.util.Constants - Redis: 192.168.1.254:6379
20:54:29.989 [main] DEBUG io.netty.util.internal.logging.InternalLoggerFactory - Using SLF4J as the default logging framework
20:54:29.995 [main] DEBUG io.netty.util.ResourceLeakDetector - -Dio.netty.leakDetectionLevel: simple
20:54:30.006 [main] DEBUG io.netty.util.internal.PlatformDependent0 - java.nio.Buffer.address: available
20:54:30.007 [main] DEBUG io.netty.util.internal.PlatformDependent0 - sun.misc.Unsafe.theUnsafe: available
20:54:30.008 [main] DEBUG io.netty.util.internal.PlatformDependent0 - sun.misc.Unsafe.copyMemory: available
20:54:30.008 [main] DEBUG io.netty.util.internal.PlatformDependent0 - java.nio.Bits.unaligned: true
20:54:30.009 [main] DEBUG io.netty.util.internal.PlatformDependent - Java version: 8
20:54:30.010 [main] DEBUG io.netty.util.internal.PlatformDependent - -Dio.netty.noUnsafe: false
20:54:30.010 [main] DEBUG io.netty.util.internal.PlatformDependent - sun.misc.Unsafe: available
20:54:30.011 [main] DEBUG io.netty.util.internal.PlatformDependent - -Dio.netty.noJavassist: false
20:54:30.193 [main] DEBUG io.netty.util.internal.PlatformDependent - Javassist: available
20:54:30.194 [main] DEBUG io.netty.util.internal.PlatformDependent - -Dio.netty.tmpdir: /tmp (java.io.tmpdir)
20:54:30.195 [main] DEBUG io.netty.util.internal.PlatformDependent - -Dio.netty.bitMode: 64 (sun.arch.data.model)
20:54:30.195 [main] DEBUG io.netty.util.internal.PlatformDependent - -Dio.netty.noPreferDirect: false
20:54:30.218 [main] DEBUG io.netty.channel.MultithreadEventLoopGroup - -Dio.netty.eventLoopThreads: 8
20:54:30.271 [main] DEBUG io.netty.channel.nio.NioEventLoop - -Dio.netty.noKeySetOptimization: false
20:54:30.272 [main] DEBUG io.netty.channel.nio.NioEventLoop - -Dio.netty.selectorAutoRebuildThreshold: 512
20:54:30.329 [main] INFO  cn.edu.sjtu.se.dclab.oss.OnlineStatusServer - Initializing redis client completed...
20:54:30.353 [main] INFO  cn.edu.sjtu.se.dclab.oss.OnlineStatusServer - Starting server on port 6666
20:54:34.859 [main] INFO  cn.edu.sjtu.se.dclab.oss.OnlineStatusServer - ubuntu: ubuntu: unknown error
20:54:34.860 [main] INFO  cn.edu.sjtu.se.dclab.oss.OnlineStatusServer - Initializing online status completed...
